#
# There is insufficient memory for the Java Runtime Environment to continue.
# Native memory allocation (mmap) failed to map 91226112 bytes for committing reserved memory.
# Possible reasons:
#   The system is out of physical RAM or swap space
#   In 32 bit mode, the process size limit was hit
# Possible solutions:
#   Reduce memory load on the system
#   Increase physical memory or swap space
#   Check if swap backing store is full
#   Use 64 bit Java on a 64 bit OS
#   Decrease Java heap size (-Xmx/-Xms)
#   Decrease number of Java threads
#   Decrease Java thread stack sizes (-Xss)
#   Set larger code cache with -XX:ReservedCodeCacheSize=
# This output file may be truncated or incomplete.
#
#  Out of Memory Error (os_linux.cpp:2627), pid=6736, tid=0x00007f753b7d6700
#
# JRE version: OpenJDK Runtime Environment (8.0_112-b06) (build 1.8.0_112-release-b06)
# Java VM: OpenJDK 64-Bit Server VM (25.112-b06 mixed mode linux-amd64 compressed oops)
# Failed to write core dump. Core dumps have been disabled. To enable core dumping, try "ulimit -c unlimited" before starting Java again
#

---------------  T H R E A D  ---------------

Current thread (0x00007f7554073000):  VMThread [stack: 0x00007f753b6d6000,0x00007f753b7d7000] [id=6742]

Stack: [0x00007f753b6d6000,0x00007f753b7d7000],  sp=0x00007f753b7d54d0,  free space=1021k
Native frames: (J=compiled Java code, j=interpreted, Vv=VM code, C=native code)
V  [libjvm.so+0x9e465d]  VMError::report_and_die()+0x15d
V  [libjvm.so+0x4b6ada]  report_vm_out_of_memory(char const*, int, unsigned long, VMErrorType, char const*)+0x8a
V  [libjvm.so+0x84c860]  os::pd_commit_memory(char*, unsigned long, unsigned long, bool)+0xf0
V  [libjvm.so+0x84737f]  os::commit_memory(char*, unsigned long, unsigned long, bool)+0x1f
V  [libjvm.so+0x8bd3db]  PSVirtualSpace::expand_by(unsigned long)+0x5b
V  [libjvm.so+0x8ae1bb]  PSOldGen::expand_by(unsigned long) [clone .part.109]+0x1b
V  [libjvm.so+0x8ae37b]  PSOldGen::expand(unsigned long) [clone .part.111]+0xdb
V  [libjvm.so+0x8aec58]  PSOldGen::resize(unsigned long)+0x188
V  [libjvm.so+0x8b426c]  PSParallelCompact::invoke_no_policy(bool)+0x97c
V  [libjvm.so+0x8bb37d]  PSScavenge::invoke()+0x17d
V  [libjvm.so+0x86fcf3]  ParallelScavengeHeap::failed_mem_allocate(unsigned long)+0x63
V  [libjvm.so+0x9e6124]  VM_ParallelGCFailedAllocation::doit()+0x84
V  [libjvm.so+0x9ea537]  VM_Operation::evaluate()+0x47
V  [libjvm.so+0x9e8ff8]  VMThread::evaluate_operation(VM_Operation*)+0x2c8
V  [libjvm.so+0x9e9479]  VMThread::loop()+0x219
V  [libjvm.so+0x9e98c2]  VMThread::run()+0x72
V  [libjvm.so+0x849c82]  java_start(Thread*)+0xf2

VM_Operation (0x00007f7501cb5f60): ParallelGCFailedAllocation, mode: safepoint, requested by thread 0x00007f751c092000


---------------  P R O C E S S  ---------------

Java Threads: ( => current thread )
  0x00007f7528008000 JavaThread "pool-4-thread-4" [_thread_blocked, id=6819, stack(0x00007f7501ab6000,0x00007f7501bb7000)]
  0x00007f751c092000 JavaThread "pool-12-thread-4" [_thread_blocked, id=6818, stack(0x00007f7501bb7000,0x00007f7501cb8000)]
  0x00007f751d30f000 JavaThread "pool-12-thread-3" [_thread_blocked, id=6817, stack(0x00007f7501db9000,0x00007f7501eba000)]
  0x00007f751d30e000 JavaThread "pool-12-thread-2" [_thread_blocked, id=6816, stack(0x00007f7501fbb000,0x00007f75020bc000)]
  0x00007f751d30d800 JavaThread "pool-13-thread-1" [_thread_blocked, id=6815, stack(0x00007f7501eba000,0x00007f7501fbb000)]
  0x00007f751c3e7000 JavaThread "pool-12-thread-1" [_thread_blocked, id=6814, stack(0x00007f75021bd000,0x00007f75022be000)]
  0x00007f751d30c800 JavaThread "pool-4-thread-3" [_thread_blocked, id=6813, stack(0x00007f75019b5000,0x00007f7501ab6000)]
  0x00007f751d30b800 JavaThread "pool-4-thread-2" [_thread_blocked, id=6799, stack(0x00007f75022be000,0x00007f75023bf000)]
  0x00007f7528004800 JavaThread "pool-4-thread-1" [_thread_blocked, id=6798, stack(0x00007f75025c0000,0x00007f75026c1000)]
  0x00007f75089ea800 JavaThread "pool-3-thread-2" [_thread_blocked, id=6797, stack(0x00007f75026c1000,0x00007f75027c2000)]
  0x00007f75089ea000 JavaThread "pool-3-thread-1" [_thread_blocked, id=6796, stack(0x00007f7538d33000,0x00007f7538e34000)]
  0x00007f7508c19000 JavaThread "Cache update executor" [_thread_blocked, id=6781, stack(0x00007f75029c2000,0x00007f7502ac3000)]
  0x00007f7508aeb000 JavaThread "pool-2-thread-1" [_thread_blocked, id=6771, stack(0x00007f75038d6000,0x00007f75039d7000)]
  0x00007f75083b7800 JavaThread "File lock request listener" [_thread_in_native, id=6770, stack(0x00007f753817f000,0x00007f7538280000)]
  0x00007f7508006800 JavaThread "Asynchronous log dispatcher for DefaultDaemonConnection: socket connection from /127.0.0.1:44919 to /127.0.0.1:55354" [_thread_blocked, id=6766, stack(0x00007f7538e34000,0x00007f7538f35000)]
  0x00007f7510007800 JavaThread "Daemon worker" [_thread_blocked, id=6763, stack(0x00007f7538f35000,0x00007f7539036000)]
  0x00007f7554c87000 JavaThread "pool-1-thread-1" [_thread_blocked, id=6762, stack(0x00007f7539036000,0x00007f7539137000)]
  0x00007f7510006800 JavaThread "Cancel handler" [_thread_blocked, id=6761, stack(0x00007f7539137000,0x00007f7539238000)]
  0x00007f7510003800 JavaThread "Handler for socket connection from /127.0.0.1:44919 to /127.0.0.1:55354" [_thread_in_native, id=6760, stack(0x00007f7539438000,0x00007f7539539000)]
  0x00007f750c025800 JavaThread "Daemon" [_thread_blocked, id=6759, stack(0x00007f7539539000,0x00007f753963a000)]
  0x00007f7554c19000 JavaThread "Incoming local TCP Connector on port 44919" [_thread_in_native, id=6758, stack(0x00007f7539841000,0x00007f7539942000)]
  0x00007f75540ba800 JavaThread "Service Thread" daemon [_thread_blocked, id=6748, stack(0x00007f753adf4000,0x00007f753aef5000)]
  0x00007f75540b7800 JavaThread "C1 CompilerThread1" daemon [_thread_blocked, id=6747, stack(0x00007f753aef5000,0x00007f753aff6000)]
  0x00007f75540b4800 JavaThread "C2 CompilerThread0" daemon [_thread_blocked, id=6746, stack(0x00007f753aff6000,0x00007f753b0f7000)]
  0x00007f75540b3000 JavaThread "Signal Dispatcher" daemon [_thread_blocked, id=6745, stack(0x00007f753b0f7000,0x00007f753b1f8000)]
  0x00007f755407f800 JavaThread "Finalizer" daemon [_thread_blocked, id=6744, stack(0x00007f753b4d4000,0x00007f753b5d5000)]
  0x00007f755407b000 JavaThread "Reference Handler" daemon [_thread_blocked, id=6743, stack(0x00007f753b5d5000,0x00007f753b6d6000)]
  0x00007f755400a000 JavaThread "main" [_thread_blocked, id=6739, stack(0x00007f755a747000,0x00007f755a848000)]

Other Threads:
=>0x00007f7554073000 VMThread [stack: 0x00007f753b6d6000,0x00007f753b7d7000] [id=6742]
  0x00007f75540bd000 WatcherThread [stack: 0x00007f753acf3000,0x00007f753adf4000] [id=6749]

VM state:at safepoint (normal execution)

VM Mutex/Monitor currently owned by a thread:  ([mutex/lock_event])
[0x00007f7554005bd0] ExpandHeap_lock - owner thread: 0x00007f7554073000
[0x00007f7554006250] Threads_lock - owner thread: 0x00007f7554073000
[0x00007f7554006750] Heap_lock - owner thread: 0x00007f751c092000

Heap:
 PSYoungGen      total 418304K, used 0K [0x00000000e0000000, 0x0000000100000000, 0x0000000100000000)
  eden space 312320K, 0% used [0x00000000e0000000,0x00000000e0000000,0x00000000f3100000)
  from space 105984K, 0% used [0x00000000f3100000,0x00000000f3100000,0x00000000f9880000)
  to   space 105984K, 0% used [0x00000000f9880000,0x00000000f9880000,0x0000000100000000)
 ParOldGen       total 307712K, used 267365K [0x00000000a0000000, 0x00000000b2c80000, 0x00000000e0000000)
  object space 307712K, 86% used [0x00000000a0000000,0x00000000b05194b8,0x00000000b2c80000)
 Metaspace       used 53931K, capacity 55496K, committed 55808K, reserved 1097728K
  class space    used 7057K, capacity 7399K, committed 7424K, reserved 1048576K

Card table byte_map: [0x00007f75440ec000,0x00007f75443ed000] byte_map_base: 0x00007f7543bec000

Marking Bits: (ParMarkBitMap*) 0x00007f7559c19340
 Begin Bits: [0x00007f7540deb000, 0x00007f75425eb000)
 End Bits:   [0x00007f75425eb000, 0x00007f7543deb000)

Polling page: 0x00007f755a869000

CodeCache: size=245760Kb used=25074Kb max_used=25074Kb free=220685Kb
 bounds [0x00007f75447ad000, 0x00007f754609d000, 0x00007f75537ad000]
 total_blobs=8820 nmethods=8067 adapters=666
 compilation: enabled

Compilation events (10 events):
Event: 140,978 Thread 0x00007f75540b7800 10807 %     3       com.android.dx.ssa.SsaMethod::mapRegisters @ 36 (87 bytes)
Event: 140,982 Thread 0x00007f75540b7800 nmethod 10807% 0x00007f7545a92f50 code [0x00007f7545a931c0, 0x00007f7545a94538]
Event: 140,983 Thread 0x00007f75540b7800 10808       3       com.android.dx.ssa.SsaMethod::mapRegisters (87 bytes)
Event: 140,987 Thread 0x00007f75540b7800 nmethod 10808 0x00007f7545addbd0 code [0x00007f7545adde40, 0x00007f7545adf148]
Event: 141,408 Thread 0x00007f75540b7800 10809       2       com.android.dx.cf.direct.StdAttributeFactory::runtimeVisibleAnnotations (44 bytes)
Event: 141,410 Thread 0x00007f75540b7800 nmethod 10809 0x00007f7544a48e10 code [0x00007f7544a48fc0, 0x00007f7544a49338]
Event: 142,286 Thread 0x00007f75540b7800 10810 % !   3       com.android.dx.cf.code.BasicBlocker::doit @ 37 (156 bytes)
Event: 142,320 Thread 0x00007f75540b7800 nmethod 10810% 0x00007f7545a8e210 code [0x00007f7545a8e4c0, 0x00007f7545a8f958]
Event: 142,358 Thread 0x00007f75540b7800 10811       1       java.nio.channels.FileLock::isShared (5 bytes)
Event: 142,358 Thread 0x00007f75540b7800 nmethod 10811 0x00007f7544a628d0 code [0x00007f7544a62a20, 0x00007f7544a62b30]

GC Heap History (10 events):
Event: 127,813 GC heap after
Heap after GC invocations=26 (full 4):
 PSYoungGen      total 318976K, used 50152K [0x00000000e0000000, 0x00000000fe180000, 0x0000000100000000)
  eden space 268800K, 0% used [0x00000000e0000000,0x00000000e0000000,0x00000000f0680000)
  from space 50176K, 99% used [0x00000000f5d00000,0x00000000f8dfa0e0,0x00000000f8e00000)
  to   space 88576K, 0% used [0x00000000f0680000,0x00000000f0680000,0x00000000f5d00000)
 ParOldGen       total 216064K, used 216014K [0x00000000a0000000, 0x00000000ad300000, 0x00000000e0000000)
  object space 216064K, 99% used [0x00000000a0000000,0x00000000ad2f39b0,0x00000000ad300000)
 Metaspace       used 53925K, capacity 55496K, committed 55808K, reserved 1097728K
  class space    used 7057K, capacity 7399K, committed 7424K, reserved 1048576K
}
Event: 127,813 GC heap before
{Heap before GC invocations=27 (full 5):
 PSYoungGen      total 318976K, used 50152K [0x00000000e0000000, 0x00000000fe180000, 0x0000000100000000)
  eden space 268800K, 0% used [0x00000000e0000000,0x00000000e0000000,0x00000000f0680000)
  from space 50176K, 99% used [0x00000000f5d00000,0x00000000f8dfa0e0,0x00000000f8e00000)
  to   space 88576K, 0% used [0x00000000f0680000,0x00000000f0680000,0x00000000f5d00000)
 ParOldGen       total 216064K, used 216014K [0x00000000a0000000, 0x00000000ad300000, 0x00000000e0000000)
  object space 216064K, 99% used [0x00000000a0000000,0x00000000ad2f39b0,0x00000000ad300000)
 Metaspace       used 53925K, capacity 55496K, committed 55808K, reserved 1097728K
  class space    used 7057K, capacity 7399K, committed 7424K, reserved 1048576K
Event: 129,727 GC heap after
Heap after GC invocations=27 (full 5):
 PSYoungGen      total 318976K, used 0K [0x00000000e0000000, 0x00000000fe180000, 0x0000000100000000)
  eden space 268800K, 0% used [0x00000000e0000000,0x00000000e0000000,0x00000000f0680000)
  from space 50176K, 0% used [0x00000000f5d00000,0x00000000f5d00000,0x00000000f8e00000)
  to   space 88576K, 0% used [0x00000000f0680000,0x00000000f0680000,0x00000000f5d00000)
 ParOldGen       total 307712K, used 200868K [0x00000000a0000000, 0x00000000b2c80000, 0x00000000e0000000)
  object space 307712K, 65% used [0x00000000a0000000,0x00000000ac4290b0,0x00000000b2c80000)
 Metaspace       used 53925K, capacity 55496K, committed 55808K, reserved 1097728K
  class space    used 7057K, capacity 7399K, committed 7424K, reserved 1048576K
}
Event: 131,892 GC heap before
{Heap before GC invocations=28 (full 5):
 PSYoungGen      total 318976K, used 268800K [0x00000000e0000000, 0x00000000fe180000, 0x0000000100000000)
  eden space 268800K, 100% used [0x00000000e0000000,0x00000000f0680000,0x00000000f0680000)
  from space 50176K, 0% used [0x00000000f5d00000,0x00000000f5d00000,0x00000000f8e00000)
  to   space 88576K, 0% used [0x00000000f0680000,0x00000000f0680000,0x00000000f5d00000)
 ParOldGen       total 307712K, used 200868K [0x00000000a0000000, 0x00000000b2c80000, 0x00000000e0000000)
  object space 307712K, 65% used [0x00000000a0000000,0x00000000ac4290b0,0x00000000b2c80000)
 Metaspace       used 53930K, capacity 55496K, committed 55808K, reserved 1097728K
  class space    used 7057K, capacity 7399K, committed 7424K, reserved 1048576K
Event: 132,243 GC heap after
Heap after GC invocations=28 (full 5):
 PSYoungGen      total 357376K, used 69952K [0x00000000e0000000, 0x0000000100000000, 0x0000000100000000)
  eden space 268800K, 0% used [0x00000000e0000000,0x00000000e0000000,0x00000000f0680000)
  from space 88576K, 78% used [0x00000000f0680000,0x00000000f4ad0398,0x00000000f5d00000)
  to   space 97280K, 0% used [0x00000000fa100000,0x00000000fa100000,0x0000000100000000)
 ParOldGen       total 307712K, used 200868K [0x00000000a0000000, 0x00000000b2c80000, 0x00000000e0000000)
  object space 307712K, 65% used [0x00000000a0000000,0x00000000ac4290b0,0x00000000b2c80000)
 Metaspace       used 53930K, capacity 55496K, committed 55808K, reserved 1097728K
  class space    used 7057K, capacity 7399K, committed 7424K, reserved 1048576K
}
Event: 142,464 GC heap before
{Heap before GC invocations=29 (full 5):
 PSYoungGen      total 357376K, used 338752K [0x00000000e0000000, 0x0000000100000000, 0x0000000100000000)
  eden space 268800K, 100% used [0x00000000e0000000,0x00000000f0680000,0x00000000f0680000)
  from space 88576K, 78% used [0x00000000f0680000,0x00000000f4ad0398,0x00000000f5d00000)
  to   space 97280K, 0% used [0x00000000fa100000,0x00000000fa100000,0x0000000100000000)
 ParOldGen       total 307712K, used 200868K [0x00000000a0000000, 0x00000000b2c80000, 0x00000000e0000000)
  object space 307712K, 65% used [0x00000000a0000000,0x00000000ac4290b0,0x00000000b2c80000)
 Metaspace       used 53931K, capacity 55496K, committed 55808K, reserved 1097728K
  class space    used 7057K, capacity 7399K, committed 7424K, reserved 1048576K
Event: 153,848 GC heap after
Heap after GC invocations=29 (full 5):
 PSYoungGen      total 409600K, used 75818K [0x00000000e0000000, 0x0000000100000000, 0x0000000100000000)
  eden space 312320K, 0% used [0x00000000e0000000,0x00000000e0000000,0x00000000f3100000)
  from space 97280K, 77% used [0x00000000fa100000,0x00000000feb0aa08,0x0000000100000000)
  to   space 105984K, 0% used [0x00000000f3100000,0x00000000f3100000,0x00000000f9880000)
 ParOldGen       total 307712K, used 231431K [0x00000000a0000000, 0x00000000b2c80000, 0x00000000e0000000)
  object space 307712K, 75% used [0x00000000a0000000,0x00000000ae201e38,0x00000000b2c80000)
 Metaspace       used 53931K, capacity 55496K, committed 55808K, reserved 1097728K
  class space    used 7057K, capacity 7399K, committed 7424K, reserved 1048576K
}
Event: 170,191 GC heap before
{Heap before GC invocations=30 (full 5):
 PSYoungGen      total 409600K, used 388138K [0x00000000e0000000, 0x0000000100000000, 0x0000000100000000)
  eden space 312320K, 100% used [0x00000000e0000000,0x00000000f3100000,0x00000000f3100000)
  from space 97280K, 77% used [0x00000000fa100000,0x00000000feb0aa08,0x0000000100000000)
  to   space 105984K, 0% used [0x00000000f3100000,0x00000000f3100000,0x00000000f9880000)
 ParOldGen       total 307712K, used 231431K [0x00000000a0000000, 0x00000000b2c80000, 0x00000000e0000000)
  object space 307712K, 75% used [0x00000000a0000000,0x00000000ae201e38,0x00000000b2c80000)
 Metaspace       used 53931K, capacity 55496K, committed 55808K, reserved 1097728K
  class space    used 7057K, capacity 7399K, committed 7424K, reserved 1048576K
Event: 175,839 GC heap after
Heap after GC invocations=30 (full 5):
 PSYoungGen      total 418304K, used 105955K [0x00000000e0000000, 0x0000000100000000, 0x0000000100000000)
  eden space 312320K, 0% used [0x00000000e0000000,0x00000000e0000000,0x00000000f3100000)
  from space 105984K, 99% used [0x00000000f3100000,0x00000000f9878eb8,0x00000000f9880000)
  to   space 105984K, 0% used [0x00000000f9880000,0x00000000f9880000,0x0000000100000000)
 ParOldGen       total 307712K, used 298841K [0x00000000a0000000, 0x00000000b2c80000, 0x00000000e0000000)
  object space 307712K, 97% used [0x00000000a0000000,0x00000000b23d65c0,0x00000000b2c80000)
 Metaspace       used 53931K, capacity 55496K, committed 55808K, reserved 1097728K
  class space    used 7057K, capacity 7399K, committed 7424K, reserved 1048576K
}
Event: 175,840 GC heap before
{Heap before GC invocations=31 (full 6):
 PSYoungGen      total 418304K, used 105955K [0x00000000e0000000, 0x0000000100000000, 0x0000000100000000)
  eden space 312320K, 0% used [0x00000000e0000000,0x00000000e0000000,0x00000000f3100000)
  from space 105984K, 99% used [0x00000000f3100000,0x00000000f9878eb8,0x00000000f9880000)
  to   space 105984K, 0% used [0x00000000f9880000,0x00000000f9880000,0x0000000100000000)
 ParOldGen       total 307712K, used 298841K [0x00000000a0000000, 0x00000000b2c80000, 0x00000000e0000000)
  object space 307712K, 97% used [0x00000000a0000000,0x00000000b23d65c0,0x00000000b2c80000)
 Metaspace       used 53931K, capacity 55496K, committed 55808K, reserved 1097728K
  class space    used 7057K, capacity 7399K, committed 7424K, reserved 1048576K

Deoptimization events (10 events):
Event: 131,326 Thread 0x00007f751d30e000 Uncommon trap: reason=class_check action=maybe_recompile pc=0x00007f7545cf6b0c method=com.android.dx.ssa.back.InterferenceGraph.add(II)V @ 19
Event: 131,326 Thread 0x00007f751d30e000 Uncommon trap: reason=class_check action=maybe_recompile pc=0x00007f7545cf6b0c method=com.android.dx.ssa.back.InterferenceGraph.add(II)V @ 19
Event: 131,326 Thread 0x00007f751d30e000 Uncommon trap: reason=class_check action=maybe_recompile pc=0x00007f7545cf6b0c method=com.android.dx.ssa.back.InterferenceGraph.add(II)V @ 19
Event: 131,326 Thread 0x00007f751d30e000 Uncommon trap: reason=class_check action=maybe_recompile pc=0x00007f7545cf6b0c method=com.android.dx.ssa.back.InterferenceGraph.add(II)V @ 19
Event: 132,357 Thread 0x00007f751d30c800 Uncommon trap: reason=unstable_if action=reinterpret pc=0x00007f7546011930 method=com.android.dx.cf.code.Merger.mergeStack(Lcom/android/dx/cf/code/ExecutionStack;Lcom/android/dx/cf/code/ExecutionStack;)Lcom/android/dx/cf/code/ExecutionStack; @ 2
Event: 139,046 Thread 0x00007f751d30c800 Uncommon trap: reason=class_check action=maybe_recompile pc=0x00007f7545d056f4 method=com.android.dx.ssa.SCCP.setLatticeValueTo(IILcom/android/dx/rop/cst/Constant;)Z @ 43
Event: 139,046 Thread 0x00007f751d30c800 Uncommon trap: reason=class_check action=maybe_recompile pc=0x00007f7545d056f4 method=com.android.dx.ssa.SCCP.setLatticeValueTo(IILcom/android/dx/rop/cst/Constant;)Z @ 43
Event: 139,366 Thread 0x00007f751d30c800 Uncommon trap: reason=class_check action=maybe_recompile pc=0x00007f7545d056f4 method=com.android.dx.ssa.SCCP.setLatticeValueTo(IILcom/android/dx/rop/cst/Constant;)Z @ 43
Event: 139,367 Thread 0x00007f751d30c800 Uncommon trap: reason=class_check action=maybe_recompile pc=0x00007f7545d056f4 method=com.android.dx.ssa.SCCP.setLatticeValueTo(IILcom/android/dx/rop/cst/Constant;)Z @ 43
Event: 140,753 Thread 0x00007f751d30c800 Uncommon trap: reason=unstable_if action=reinterpret pc=0x00007f7545cb00bc method=com.android.dx.rop.code.RegisterSpec.withReg(I)Lcom/android/dx/rop/code/RegisterSpec; @ 5

Internal exceptions (10 events):
Event: 89,050 Thread 0x00007f75089ea800 Exception <a 'sun/nio/fs/UnixException'> (0x00000000e2c24cb0) thrown at [/ssd/Android/AOSP-openjdk/external/jetbrains/jdk/hotspot/src/share/vm/prims/jni.cpp, line 709]
Event: 93,903 Thread 0x00007f7528008000 Implicit null exception at 0x00007f7545cec679 to 0x00007f7545cef2c9
Event: 108,467 Thread 0x00007f75089ea800 Exception <a 'sun/nio/fs/UnixException'> (0x00000000e48c2cc8) thrown at [/ssd/Android/AOSP-openjdk/external/jetbrains/jdk/hotspot/src/share/vm/prims/jni.cpp, line 709]
Event: 111,996 Thread 0x00007f75089ea800 Exception <a 'sun/nio/fs/UnixException'> (0x00000000e380d110) thrown at [/ssd/Android/AOSP-openjdk/external/jetbrains/jdk/hotspot/src/share/vm/prims/jni.cpp, line 709]
Event: 112,803 Thread 0x00007f75089ea800 Exception <a 'sun/nio/fs/UnixException'> (0x00000000e38349e0) thrown at [/ssd/Android/AOSP-openjdk/external/jetbrains/jdk/hotspot/src/share/vm/prims/jni.cpp, line 709]
Event: 113,154 Thread 0x00007f75089ea800 Exception <a 'sun/nio/fs/UnixException'> (0x00000000e746c860) thrown at [/ssd/Android/AOSP-openjdk/external/jetbrains/jdk/hotspot/src/share/vm/prims/jni.cpp, line 709]
Event: 117,405 Thread 0x00007f7530048000 Implicit null exception at 0x00007f7545a43d5c to 0x00007f7545a443b9
Event: 121,674 Thread 0x00007f75089ea800 Exception <a 'sun/nio/fs/UnixException'> (0x00000000ed21b4e0) thrown at [/ssd/Android/AOSP-openjdk/external/jetbrains/jdk/hotspot/src/share/vm/prims/jni.cpp, line 709]
Event: 129,956 Thread 0x00007f75089ea800 Exception <a 'sun/nio/fs/UnixException'> (0x00000000e3d2f260) thrown at [/ssd/Android/AOSP-openjdk/external/jetbrains/jdk/hotspot/src/share/vm/prims/jni.cpp, line 709]
Event: 130,590 Thread 0x00007f75089ea800 Exception <a 'sun/nio/fs/UnixException'> (0x00000000e4800de8) thrown at [/ssd/Android/AOSP-openjdk/external/jetbrains/jdk/hotspot/src/share/vm/prims/jni.cpp, line 709]

Events (10 events):
Event: 168,753 Thread 0x00007f751c3e7000 DEOPT UNPACKING pc=0x00007f75447f3f73 sp=0x00007f75022bbf28 mode 0
Event: 168,808 Thread 0x00007f751d30c800 DEOPT PACKING pc=0x00007f7545e28af3 sp=0x00007f7501ab31a0
Event: 168,808 Thread 0x00007f751d30c800 DEOPT UNPACKING pc=0x00007f75447f3f73 sp=0x00007f7501ab2ec0 mode 0
Event: 168,996 Thread 0x00007f751d30e000 DEOPT PACKING pc=0x00007f7545c2e86c sp=0x00007f75020ba1f0
Event: 168,996 Thread 0x00007f751d30e000 DEOPT UNPACKING pc=0x00007f75447f3f73 sp=0x00007f75020b9ef0 mode 0
Event: 169,011 Thread 0x00007f751d30e000 DEOPT PACKING pc=0x00007f7545bb6bcb sp=0x00007f75020ba110
Event: 169,011 Thread 0x00007f751d30e000 DEOPT UNPACKING pc=0x00007f75447f3f73 sp=0x00007f75020b9ec8 mode 0
Event: 169,038 Executing VM operation: RevokeBias
Event: 169,383 Executing VM operation: RevokeBias done
Event: 169,662 Executing VM operation: ParallelGCFailedAllocation


Dynamic libraries:
00400000-00401000 r-xp 00000000 08:01 1314304                            /opt/android-studio/jre/bin/java
00600000-00601000 r--p 00000000 08:01 1314304                            /opt/android-studio/jre/bin/java
00601000-00602000 rw-p 00001000 08:01 1314304                            /opt/android-studio/jre/bin/java
00c82000-00ca3000 rw-p 00000000 00:00 0                                  [heap]
a0000000-b2c80000 rw-p 00000000 00:00 0 
b8380000-e0000000 ---p 00000000 00:00 0 
e0000000-100000000 rw-p 00000000 00:00 0 
100000000-100740000 rw-p 00000000 00:00 0 
100740000-140000000 ---p 00000000 00:00 0 
7f7501485000-7f7501488000 ---p 00000000 00:00 0 
7f7501488000-7f7501586000 rw-p 00000000 00:00 0 
7f7501586000-7f7501589000 ---p 00000000 00:00 0 
7f7501589000-7f7501687000 rw-p 00000000 00:00 0 
7f75016a1000-7f75016b4000 r--s 000d9000 08:01 3186913                    /home/gsansigolo/.android/build-cache/10929bf383ce67d19c40f10b7ad287851f18a9fe/output/jars/classes.jar
7f75016b4000-7f75017f4000 rw-p 00000000 00:00 0 
7f75017f4000-7f75018b7000 ---p 00000000 00:00 0 
7f75018b7000-7f75019b5000 rw-p 00000000 00:00 0 
7f75019b5000-7f75019b8000 ---p 00000000 00:00 0 
7f75019b8000-7f7501ab6000 rw-p 00000000 00:00 0 
7f7501ab6000-7f7501ab9000 ---p 00000000 00:00 0 
7f7501ab9000-7f7501bb7000 rw-p 00000000 00:00 0 
7f7501bb7000-7f7501bba000 ---p 00000000 00:00 0 
7f7501bba000-7f7501cb8000 rw-p 00000000 00:00 0 
7f7501cb8000-7f7501cbb000 ---p 00000000 00:00 0 
7f7501cbb000-7f7501db9000 rw-p 00000000 00:00 0 
7f7501db9000-7f7501dbc000 ---p 00000000 00:00 0 
7f7501dbc000-7f7501eba000 rw-p 00000000 00:00 0 
7f7501eba000-7f7501ebd000 ---p 00000000 00:00 0 
7f7501ebd000-7f7501fbb000 rw-p 00000000 00:00 0 
7f7501fbb000-7f7501fbe000 ---p 00000000 00:00 0 
7f7501fbe000-7f75020bc000 rw-p 00000000 00:00 0 
7f75020bc000-7f75020bf000 ---p 00000000 00:00 0 
7f75020bf000-7f75021bd000 rw-p 00000000 00:00 0 
7f75021bd000-7f75021c0000 ---p 00000000 00:00 0 
7f75021c0000-7f75022be000 rw-p 00000000 00:00 0 
7f75022be000-7f75022c1000 ---p 00000000 00:00 0 
7f75022c1000-7f75023bf000 rw-p 00000000 00:00 0 
7f75023c0000-7f75025c0000 rw-p 00000000 00:00 0 
7f75025c0000-7f75025c3000 ---p 00000000 00:00 0 
7f75025c3000-7f75026c1000 rw-p 00000000 00:00 0 
7f75026c1000-7f75026c4000 ---p 00000000 00:00 0 
7f75026c4000-7f75029c2000 rw-p 00000000 00:00 0 
7f75029c2000-7f75029c5000 ---p 00000000 00:00 0 
7f75029c5000-7f7502cc3000 rw-p 00000000 00:00 0 
7f7502cc3000-7f7502ec3000 rw-p 00000000 00:00 0 
7f7502ec3000-7f75030c3000 rw-p 00000000 00:00 0 
7f75030c3000-7f75032c3000 rw-p 00000000 00:00 0 
7f75032c3000-7f75032d6000 r--s 00344000 08:01 1314327                    /opt/android-studio/jre/jre/lib/resources.jar
7f75032d6000-7f75034d6000 rw-p 00000000 00:00 0 
7f75034d6000-7f75036d6000 rw-p 00000000 00:00 0 
7f75036d6000-7f75038d6000 rw-p 00000000 00:00 0 
7f75038d6000-7f75038d9000 ---p 00000000 00:00 0 
7f75038d9000-7f7503bd7000 rw-p 00000000 00:00 0 
7f7503bd7000-7f7503bdf000 r--s 000a8000 08:01 2775250                    /home/gsansigolo/.gradle/caches/jars-2/lp0h431tl0554nh1vx6zomcvteflkp/lombok-ast-0.2.3.jar
7f7503bdf000-7f7503bf3000 r--s 000b4000 08:01 2775234                    /home/gsansigolo/.gradle/caches/jars-2/hgvw6szzawm3evod5l2d6iutfug31w0/uast-162.2228.14.jar
7f7503bf3000-7f7503bf5000 r--s 0000d000 08:01 2775218                    /home/gsansigolo/.gradle/caches/jars-2/7pwz1bowgakb1eux9ezb56jlturgsyi/commons-codec-1.4.jar
7f7503bf5000-7f7503bf7000 r--s 0000d000 08:01 2775206                    /home/gsansigolo/.gradle/caches/jars-2/9dj1m0eyooi5qt13735vz8fpkl3cnfy/commons-logging-1.1.1.jar
7f7503bf7000-7f7503bfc000 r--s 00028000 08:01 2775204                    /home/gsansigolo/.gradle/caches/jars-2/62lv0fe9b3xbqe57f6ljy5upwi7mf6k/httpcore-4.1.jar
7f7503bfc000-7f7503c00000 r--s 0002f000 08:01 2775202                    /home/gsansigolo/.gradle/caches/jars-2/gsg5n52frsvw6sx0swqqe2hwijwdcf0/jimfs-1.1.jar
7f7503c00000-7f7503e00000 rw-p 00000000 00:00 0 
7f7503e00000-7f7504000000 rw-p 00000000 00:00 0 
7f7504000000-7f7504292000 rw-p 00000000 00:00 0 
7f7504292000-7f7508000000 ---p 00000000 00:00 0 
7f7508000000-7f7508f73000 rw-p 00000000 00:00 0 
7f7508f73000-7f750c000000 ---p 00000000 00:00 0 
7f750c000000-7f750c064000 rw-p 00000000 00:00 0 
7f750c064000-7f7510000000 ---p 00000000 00:00 0 
7f7510000000-7f7510021000 rw-p 00000000 00:00 0 
7f7510021000-7f7514000000 ---p 00000000 00:00 0 
7f7514000000-7f7514021000 rw-p 00000000 00:00 0 
7f7514021000-7f7518000000 ---p 00000000 00:00 0 
7f7518000000-7f7518021000 rw-p 00000000 00:00 0 
7f7518021000-7f751c000000 ---p 00000000 00:00 0 
7f751c000000-7f751d6e3000 rw-p 00000000 00:00 0 
7f751d6e3000-7f7520000000 ---p 00000000 00:00 0 
7f7520000000-7f7520b82000 rw-p 00000000 00:00 0 
7f7520b82000-7f7524000000 ---p 00000000 00:00 0 
7f7524000000-7f752407a000 rw-p 00000000 00:00 0 
7f752407a000-7f7528000000 ---p 00000000 00:00 0 
7f7528000000-7f7528021000 rw-p 00000000 00:00 0 
7f7528021000-7f752c000000 ---p 00000000 00:00 0 
7f752c000000-7f752c3b0000 rw-p 00000000 00:00 0 
7f752c3b0000-7f7530000000 ---p 00000000 00:00 0 
7f7530000000-7f75300b1000 rw-p 00000000 00:00 0 
7f75300b1000-7f7534000000 ---p 00000000 00:00 0 
7f7534000000-7f7534106000 rw-p 00000000 00:00 0 
7f7534106000-7f7538000000 ---p 00000000 00:00 0 
7f7538000000-7f7538001000 r--s 00001000 08:01 2775266                    /home/gsansigolo/.gradle/caches/jars-2/cmhx5eetujk7j30d3nllwxyrlnugzjw/annotations-25.3.3.jar
7f7538001000-7f7538002000 r--s 00004000 08:01 2775200                    /home/gsansigolo/.gradle/caches/jars-2/lxs252id0979odjrerlctkb26c2vj95/annotations-12.0.jar
7f7538002000-7f7538003000 r--s 00004000 08:01 2775198                    /home/gsansigolo/.gradle/caches/jars-2/9kn99dr0rulyl67sct1ephwcop56l61/asm-analysis-5.0.4.jar
7f7538003000-7f7538007000 r--s 00040000 08:01 2775196                    /home/gsansigolo/.gradle/caches/jars-2/ccvn7yglm4blceovs70fngoac1eyn4f/lint-api-25.3.3.jar
7f7538007000-7f7538008000 r--s 0000a000 08:01 2775194                    /home/gsansigolo/.gradle/caches/jars-2/nwyg9io65lv6jvmwit2wq82xnnxd7ia/kxml2-2.3.0.jar
7f7538008000-7f753800a000 r--s 00005000 08:01 2775192                    /home/gsansigolo/.gradle/caches/jars-2/i6hc1uuj8e9ck59slmzdyz78ydn8sr6/httpmime-4.1.jar
7f753800a000-7f7538012000 r--s 0004e000 08:01 2775190                    /home/gsansigolo/.gradle/caches/jars-2/7503wa5irssz0xxahv1xb82p2dl7rr2/httpclient-4.1.1.jar
7f7538012000-7f7538019000 r--s 00053000 08:01 2775188                    /home/gsansigolo/.gradle/caches/jars-2/jgkfvs4eqggj7qsyw1f5d3up57hanj1/commons-compress-1.8.1.jar
7f7538019000-7f753801e000 r--s 0002a000 08:01 2775186                    /home/gsansigolo/.gradle/caches/jars-2/je8f027qcr1z1egw08byp1ybxbp9kko/gson-2.2.4.jar
7f753801e000-7f7538023000 r--s 0002e000 08:01 2775184                    /home/gsansigolo/.gradle/caches/jars-2/s427p2wh0tfza0xa8qijgx107eeevyl/repository-25.3.3.jar
7f7538023000-7f7538025000 r--s 00006000 08:01 2775182                    /home/gsansigolo/.gradle/caches/jars-2/e2s952s6co8tps89l80r4riixwqo2oe/dvlib-25.3.3.jar
7f7538025000-7f7538027000 r--s 00013000 08:01 2775180                    /home/gsansigolo/.gradle/caches/jars-2/s02k517nvrh8cbp2c8dz4slqska6dj9/layoutlib-api-25.3.3.jar
7f7538027000-7f753802c000 r--s 00058000 08:01 2775178                    /home/gsansigolo/.gradle/caches/jars-2/st159835qgxm0l87oqrnhayxos4lc1n/asm-debug-all-5.0.1.jar
7f753802c000-7f753803c000 r--s 000d5000 08:01 2775176                    /home/gsansigolo/.gradle/caches/jars-2/qzf32gp9kej4w4hlbabft6tplu74cj3/proguard-base-5.3.2.jar
7f753803c000-7f753803f000 r--s 00033000 08:01 2654325                    /home/gsansigolo/.gradle/caches/jars-2/nz9sndmr8b4xbj4xulkaciy5kdbyfiz/juniversalchardet-1.0.3.jar
7f753803f000-7f7538043000 r--s 0002a000 08:01 2654320                    /home/gsansigolo/.gradle/caches/jars-2/krbpn9xjn1qymukyx8cc5l799ty1v3h/commons-io-2.4.jar
7f7538043000-7f753805a000 r--s 00154000 08:01 2654318                    /home/gsansigolo/.gradle/caches/jars-2/sfeivjswzitn6n0fnjx3ueszz8gv8o1/antlr4-4.5.3.jar
7f753805a000-7f753805c000 r--s 00002000 08:01 2654316                    /home/gsansigolo/.gradle/caches/jars-2/rh2ip1x2zziz26tr3qzudtz088pqsb2/baseLibrary-2.3.3.jar
7f753805c000-7f7538087000 r--s 001fc000 08:01 2654314                    /home/gsansigolo/.gradle/caches/jars-2/nxjrjftly2xksl8o0wqgivu5netfu2x/guava-18.0.jar
7f7538087000-7f753809a000 r--s 00241000 08:01 2654312                    /home/gsansigolo/.gradle/caches/jars-2/9yuekvg4qerfitq3xec0iyckuw3hwaq/ecj-4.6.1.jar
7f753809a000-7f75380a1000 r--s 000d9000 08:01 2654310                    /home/gsansigolo/.gradle/caches/jars-2/ak89aa8liqmr44u7r08njntn6oehe0z/lint-checks-25.3.3.jar
7f75380a1000-7f75380a3000 r--s 00006000 08:01 2654308                    /home/gsansigolo/.gradle/caches/jars-2/6phgj9ki3jl3p5epzkqoo8pr6kur40b/asm-tree-5.0.4.jar
7f75380a3000-7f75380d6000 r--s 00203000 08:01 2654306                    /home/gsansigolo/.gradle/caches/jars-2/hj0bfvxu9cq7hkwmecvp0kg137or3hh/bcprov-jdk15on-1.48.jar
7f75380d6000-7f75380e4000 r--s 00081000 08:01 2654304                    /home/gsansigolo/.gradle/caches/jars-2/4r7xli0tz94y0wfjrdyjxlxar3g1pb9/bcpkix-jdk15on-1.48.jar
7f75380e4000-7f75380e6000 r--s 00002000 08:01 2654302                    /home/gsansigolo/.gradle/caches/jars-2/f32bh5uivuf69ecz2j8hl96ksnqdh7v/javawriter-2.5.0.jar
7f75380e6000-7f75380e8000 r--s 00004000 08:01 2654300                    /home/gsansigolo/.gradle/caches/jars-2/j6s1upogkwo00sygdsekzj4fx0i75uy/tracker-25.3.3.jar
7f75380e8000-7f75380e9000 r--s 00005000 08:01 2654298                    /home/gsansigolo/.gradle/caches/jars-2/4svya0t1s9wyo35ycd3atidsaoo6w7e/shared-25.3.3.jar
7f75380e9000-7f75380f7000 r--s 00147000 08:01 2654296                    /home/gsansigolo/.gradle/caches/jars-2/qx6695c5ocd9swxv7wqtxor3plyb4b7/protos-25.3.3.jar
7f75380f7000-7f75380f8000 r--s 00001000 08:01 2654294                    /home/gsansigolo/.gradle/caches/jars-2/bqo69msswbvaagsh45hf1tq02v21sml/jill-api-0.10.0.jar
7f75380f8000-7f75380fa000 r--s 00003000 08:01 2654291                    /home/gsansigolo/.gradle/caches/jars-2/7pldadygbci34ql8thws797g29k1uhh/jack-api-0.13.0.jar
7f75380fa000-7f7538100000 r--s 0004a000 08:01 2654286                    /home/gsansigolo/.gradle/caches/jars-2/euoqfzf5y1sibp9ul8mcz0wovj380eo/ddmlib-25.3.3.jar
7f7538100000-7f7538103000 r--s 00022000 08:01 2654282                    /home/gsansigolo/.gradle/caches/jars-2/a81bg2yxzmumashablwecaj0ksz6tmj/manifest-merger-25.3.3.jar
7f7538103000-7f7538106000 r--s 0001c000 08:01 2654280                    /home/gsansigolo/.gradle/caches/jars-2/l6cnyee1vojrkkbpp6qwgpf30shmrja/common-25.3.3.jar
7f7538106000-7f753810f000 r--s 00089000 08:01 2654278                    /home/gsansigolo/.gradle/caches/jars-2/m0t6h8af70sdgxvkj522jy01i14mnb8/sdk-common-25.3.3.jar
7f753810f000-7f7538119000 r--s 00098000 08:01 2654275                    /home/gsansigolo/.gradle/caches/jars-2/28c9ykhc782k8jmlrnbnccai34hziki/sdklib-25.3.3.jar
7f7538119000-7f753811a000 r--s 00002000 08:01 2654273                    /home/gsansigolo/.gradle/caches/jars-2/4dod7a1p5hoai4v37pxbcg65bbahvg2/builder-test-api-2.3.3.jar
7f753811a000-7f753811d000 r--s 00006000 08:01 2654270                    /home/gsansigolo/.gradle/caches/jars-2/omk02asobup8sgd6qxom3ej5bg94z2r/builder-model-2.3.3.jar
7f753811d000-7f753812c000 r--s 00130000 08:01 2654267                    /home/gsansigolo/.gradle/caches/jars-2/cr6zkqpx14lor9zdtmo49qpc7y8r8p4/protobuf-java-3.0.0.jar
7f753812c000-7f753812e000 r--s 0000f000 08:01 2654265                    /home/gsansigolo/.gradle/caches/jars-2/rvfyugrlu5tbpz51p98og0qsxamjq4k/jopt-simple-4.9.jar
7f753812e000-7f7538132000 r--s 0001f000 08:01 2654263                    /home/gsansigolo/.gradle/caches/jars-2/nq3fzqkrrm37ob61z4iu5qdbh368uat/org.jacoco.report-0.7.5.201505241946.jar
7f7538132000-7f7538136000 r--s 0001d000 08:01 2654261                    /home/gsansigolo/.gradle/caches/jars-2/3kxkmcckmk40ron92zhbm0qjo9l4bkl/org.jacoco.core-0.7.5.201505241946.jar
7f7538136000-7f7538138000 r--s 00002000 08:01 2654259                    /home/gsansigolo/.gradle/caches/jars-2/m4m0pzb4gmaeh0in5g2xc4bxeuwt828/proguard-gradle-5.3.2.jar
7f7538138000-7f753813a000 r--s 00009000 08:01 2654257                    /home/gsansigolo/.gradle/caches/jars-2/ajvcvdu66lc9e3tvvipxtuq48i9bbkc/asm-commons-5.0.4.jar
7f753813a000-7f753813c000 r--s 0000c000 08:01 2654255                    /home/gsansigolo/.gradle/caches/jars-2/1laz1ygmxoc408r7nwqs1q8uk8r236d/asm-5.0.4.jar
7f753813c000-7f7538141000 r--s 0002c000 08:01 2654252                    /home/gsansigolo/.gradle/caches/jars-2/3mlasgi8oo9o7oa12526198jui9zmp2/compilerCommon-2.3.3.jar
7f7538141000-7f7538142000 r--s 00002000 08:01 2654250                    /home/gsansigolo/.gradle/caches/jars-2/73l309uzm0ila7rdaaxteq0ng4ayf2y/gradle-api-2.3.3.jar
7f7538142000-7f7538143000 r--s 00000000 08:01 2654248                    /home/gsansigolo/.gradle/caches/jars-2/tlyajppf8woug00g686fx5mchf8iv3o/transform-api-2.0.0-deprecated-use-gradle-api.jar
7f7538143000-7f7538148000 r--s 0005e000 08:01 2654245                    /home/gsansigolo/.gradle/caches/jars-2/k2xtosjt0in0zj7mpwvctw6iznt93uh/lint-25.3.3.jar
7f7538148000-7f753815e000 r--s 00163000 08:01 2654243                    /home/gsansigolo/.gradle/caches/jars-2/nyg71b5n2lzymmwh5vbtmvjiby07k4g/builder-2.3.3.jar
7f753815e000-7f753817d000 r--s 001ca000 08:01 2654241                    /home/gsansigolo/.gradle/caches/jars-2/5fwyvjq1ai8mdh1mluqxidj1wo7rls8/gradle-core-2.3.3.jar
7f753817d000-7f753817f000 r--s 0000d000 08:01 2654239                    /home/gsansigolo/.gradle/caches/jars-2/mel54vauze7hczg2p6nebauqz8s53sj/gradle-2.3.3.jar
7f753817f000-7f7538182000 ---p 00000000 00:00 0 
7f7538182000-7f7538280000 rw-p 00000000 00:00 0 
7f7538280000-7f7538283000 ---p 00000000 00:00 0 
7f7538283000-7f75382b9000 rw-p 00000000 00:00 0 
7f75382b9000-7f75382ba000 r--p 00000000 00:00 0 
7f75382ba000-7f75384ba000 rw-p 00000000 00:00 0 
7f75384ba000-7f75386ba000 rw-p 00000000 00:00 0 
7f75386ba000-7f75388ba000 rw-p 00000000 00:00 0 
7f75388ba000-7f7538aba000 rw-p 00000000 00:00 0 
7f7538aba000-7f7538b33000 r--s 010ed000 08:01 1314269                    /opt/android-studio/jre/lib/tools.jar
7f7538b33000-7f7538d33000 rw-p 00000000 00:00 0 
7f7538d33000-7f7538d36000 ---p 00000000 00:00 0 
7f7538d36000-7f7538e34000 rw-p 00000000 00:00 0 
7f7538e34000-7f7538e37000 ---p 00000000 00:00 0 
7f7538e37000-7f7538f35000 rw-p 00000000 00:00 0 
7f7538f35000-7f7538f38000 ---p 00000000 00:00 0 
7f7538f38000-7f7539036000 rw-p 00000000 00:00 0 
7f7539036000-7f7539039000 ---p 00000000 00:00 0 
7f7539039000-7f7539137000 rw-p 00000000 00:00 0 
7f7539137000-7f753913a000 ---p 00000000 00:00 0 
7f753913a000-7f7539438000 rw-p 00000000 00:00 0 
7f7539438000-7f753943b000 ---p 00000000 00:00 0 
7f753943b000-7f7539539000 rw-p 00000000 00:00 0 
7f7539539000-7f753953c000 ---p 00000000 00:00 0 
7f753953c000-7f753963a000 rw-p 00000000 00:00 0 
7f753963a000-7f7539641000 r--s 00000000 08:01 2230985                    /usr/lib/x86_64-linux-gnu/gconv/gconv-modules.cache
7f7539641000-7f7539841000 rw-p 00000000 00:00 0 
7f7539841000-7f7539844000 ---p 00000000 00:00 0 
7f7539844000-7f7539942000 rw-p 00000000 00:00 0 
7f7539942000-7f753994b000 r-xp 00000000 08:01 1314405                    /opt/android-studio/jre/jre/lib/amd64/libmanagement.so
7f753994b000-7f7539b4a000 ---p 00009000 08:01 1314405                    /opt/android-studio/jre/jre/lib/amd64/libmanagement.so
7f7539b4a000-7f7539b4b000 r--p 00008000 08:01 1314405                    /opt/android-studio/jre/jre/lib/amd64/libmanagement.so
7f7539b4b000-7f7539b4c000 rw-p 00009000 08:01 1314405                    /opt/android-studio/jre/jre/lib/amd64/libmanagement.so
7f7539b4c000-7f7539b51000 r--s 00098000 08:01 1314379                    /opt/android-studio/jre/jre/lib/jsse.jar
7f7539b51000-7f7539b53000 r--s 00007000 08:01 3552184                    /home/gsansigolo/.gradle/wrapper/dists/gradle-3.3-all/55gk2rcmfc6p2dg9u9ohc3hw9/gradle-3.3/lib/plugins/gradle-tooling-api-builders-3.3.jar
7f7539b53000-7f7539b56000 r--s 00009000 08:01 3552177                    /home/gsansigolo/.gradle/wrapper/dists/gradle-3.3-all/55gk2rcmfc6p2dg9u9ohc3hw9/gradle-3.3/lib/plugins/gradle-testing-native-3.3.jar
7f7539b56000-7f7539b5c000 r--s 00033000 08:01 3552252                    /home/gsansigolo/.gradle/wrapper/dists/gradle-3.3-all/55gk2rcmfc6p2dg9u9ohc3hw9/gradle-3.3/lib/plugins/snakeyaml-1.6.jar
7f7539b5c000-7f7539b5e000 r--s 00006000 08:01 3552251                    /home/gsansigolo/.gradle/wrapper/dists/gradle-3.3-all/55gk2rcmfc6p2dg9u9ohc3hw9/gradle-3.3/lib/plugins/jcommander-1.12.jar
7f7539b5e000-7f7539b63000 r--s 00040000 08:01 3552250                    /home/gsansigolo/.gradle/wrapper/dists/gradle-3.3-all/55gk2rcmfc6p2dg9u9ohc3hw9/gradle-3.3/lib/plugins/bsh-2.0b4.jar
7f7539b63000-7f7539b65000 r--s 00009000 08:01 3552258                    /home/gsansigolo/.gradle/wrapper/dists/gradle-3.3-all/55gk2rcmfc6p2dg9u9ohc3hw9/gradle-3.3/lib/plugins/hamcrest-core-1.3.jar
7f7539b65000-7f7539b6e000 r--s 00089000 08:01 3552209                    /home/gsansigolo/.gradle/wrapper/dists/gradle-3.3-all/55gk2rcmfc6p2dg9u9ohc3hw9/gradle-3.3/lib/plugins/testng-6.3.1.jar
7f7539b6e000-7f7539b76000 r--s 00045000 08:01 3552208                    /home/gsansigolo/.gradle/wrapper/dists/gradle-3.3-all/55gk2rcmfc6p2dg9u9ohc3hw9/gradle-3.3/lib/plugins/junit-4.12.jar
7f7539b76000-7f7539b7c000 r--s 0002e000 08:01 3552178                    /home/gsansigolo/.gradle/wrapper/dists/gradle-3.3-all/55gk2rcmfc6p2dg9u9ohc3hw9/gradle-3.3/lib/plugins/gradle-testing-jvm-3.3.jar
7f7539b7c000-7f7539b80000 r--s 00016000 08:01 3552176                    /home/gsansigolo/.gradle/wrapper/dists/gradle-3.3-all/55gk2rcmfc6p2dg9u9ohc3hw9/gradle-3.3/lib/plugins/gradle-testing-base-3.3.jar
7f7539b80000-7f7539b87000 r--s 00038000 08:01 3552203                    /home/gsansigolo/.gradle/wrapper/dists/gradle-3.3-all/55gk2rcmfc6p2dg9u9ohc3hw9/gradle-3.3/lib/plugins/bcpg-jdk15on-1.51.jar
7f7539b87000-7f7539b89000 r--s 0000c000 08:01 3552155                    /home/gsansigolo/.gradle/wrapper/dists/gradle-3.3-all/55gk2rcmfc6p2dg9u9ohc3hw9/gradle-3.3/lib/plugins/gradle-signing-3.3.jar
7f7539b89000-7f7539b8b000 r--s 00007000 08:01 3552154                    /home/gsansigolo/.gradle/wrapper/dists/gradle-3.3-all/55gk2rcmfc6p2dg9u9ohc3hw9/gradle-3.3/lib/plugins/gradle-scala-3.3.jar
7f7539b8b000-7f7539b8c000 r--s 00004000 08:01 3552182                    /home/gsansigolo/.gradle/wrapper/dists/gradle-3.3-all/55gk2rcmfc6p2dg9u9ohc3hw9/gradle-3.3/lib/plugins/gradle-resources-sftp-3.3.jar
7f7539b8c000-7f7539b9c000 r--s 00088000 08:01 3552219                    /home/gsansigolo/.gradle/wrapper/dists/gradle-3.3-all/55gk2rcmfc6p2dg9u9ohc3hw9/gradle-3.3/lib/plugins/joda-time-2.8.2.jar
7f7539b9c000-7f7539bad000 r--s 0010d000 08:01 3552218                    /home/gsansigolo/.gradle/wrapper/dists/gradle-3.3-all/55gk2rcmfc6p2dg9u9ohc3hw9/gradle-3.3/lib/plugins/jackson-databind-2.6.6.jar
7f7539bad000-7f7539bb0000 r--s 00009000 08:01 3552217                    /home/gsansigolo/.gradle/wrapper/dists/gradle-3.3-all/55gk2rcmfc6p2dg9u9ohc3hw9/gradle-3.3/lib/plugins/jackson-annotations-2.6.6.jar
7f7539bb0000-7f7539bb4000 r--s 0003c000 08:01 3552216                    /home/gsansigolo/.gradle/wrapper/dists/gradle-3.3-all/55gk2rcmfc6p2dg9u9ohc3hw9/gradle-3.3/lib/plugins/jackson-core-2.6.6.jar
7f7539bb4000-7f7539bc2000 r--s 00087000 08:01 3552215                    /home/gsansigolo/.gradle/wrapper/dists/gradle-3.3-all/55gk2rcmfc6p2dg9u9ohc3hw9/gradle-3.3/lib/plugins/aws-java-sdk-core-1.11.6.jar
7f7539bc2000-7f7539bc9000 r--s 00057000 08:01 3552214                    /home/gsansigolo/.gradle/wrapper/dists/gradle-3.3-all/55gk2rcmfc6p2dg9u9ohc3hw9/gradle-3.3/lib/plugins/aws-java-sdk-kms-1.11.6.jar
7f7539bc9000-7f7539bd6000 r--s 0008e000 08:01 3552213                    /home/gsansigolo/.gradle/wrapper/dists/gradle-3.3-all/55gk2rcmfc6p2dg9u9ohc3hw9/gradle-3.3/lib/plugins/aws-java-sdk-s3-1.11.6.jar
7f7539bd6000-7f7539bd8000 r--s 00004000 08:01 3552183                    /home/gsansigolo/.gradle/wrapper/dists/gradle-3.3-all/55gk2rcmfc6p2dg9u9ohc3hw9/gradle-3.3/lib/plugins/gradle-resources-s3-3.3.jar
7f7539bd8000-7f7539bda000 r--s 00005000 08:01 3552207                    /home/gsansigolo/.gradle/wrapper/dists/gradle-3.3-all/55gk2rcmfc6p2dg9u9ohc3hw9/gradle-3.3/lib/plugins/jatl-0.2.2.jar
7f7539bda000-7f7539bdc000 r--s 0000f000 08:01 3552160                    /home/gsansigolo/.gradle/wrapper/dists/gradle-3.3-all/55gk2rcmfc6p2dg9u9ohc3hw9/gradle-3.3/lib/plugins/gradle-reporting-3.3.jar
7f7539bdc000-7f7539bde000 r--s 00002000 08:01 3552161                    /home/gsansigolo/.gradle/wrapper/dists/gradle-3.3-all/55gk2rcmfc6p2dg9u9ohc3hw9/gradle-3.3/lib/plugins/gradle-publish-3.3.jar
7f7539bde000-7f7539be0000 r--s 00009000 08:01 3552190                    /home/gsansigolo/.gradle/wrapper/dists/gradle-3.3-all/55gk2rcmfc6p2dg9u9ohc3hw9/gradle-3.3/lib/plugins/commons-cli-1.2.jar
7f7539be0000-7f7539be6000 r--s 00031000 08:01 3552146                    /home/gsansigolo/.gradle/wrapper/dists/gradle-3.3-all/55gk2rcmfc6p2dg9u9ohc3hw9/gradle-3.3/lib/plugins/gradle-plugins-3.3.jar
7f7539be6000-7f7539be8000 r--s 00009000 08:01 3552179                    /home/gsansigolo/.gradle/wrapper/dists/gradle-3.3-all/55gk2rcmfc6p2dg9u9ohc3hw9/gradle-3.3/lib/plugins/gradle-plugin-development-3.3.jar
7f7539be8000-7f7539bee000 r--s 0002b000 08:01 3552172                    /home/gsansigolo/.gradle/wrapper/dists/gradle-3.3-all/55gk2rcmfc6p2dg9u9ohc3hw9/gradle-3.3/lib/plugins/gradle-platform-play-3.3.jar
7f7539bee000-7f7539bfc000 r--s 00055000 08:01 3552171                    /home/gsansigolo/.gradle/wrapper/dists/gradle-3.3-all/55gk2rcmfc6p2dg9u9ohc3hw9/gradle-3.3/lib/plugins/gradle-platform-native-3.3.jar
7f7539bfc000-7f7539c01000 r--s 0001f000 08:01 3552166                    /home/gsansigolo/.gradle/wrapper/dists/gradle-3.3-all/55gk2rcmfc6p2dg9u9ohc3hw9/gradle-3.3/lib/plugins/gradle-platform-jvm-3.3.jar
7f7539c01000-7f7539c09000 r--s 00027000 08:01 3552165                    /home/gsansigolo/.gradle/wrapper/dists/gradle-3.3-all/55gk2rcmfc6p2dg9u9ohc3hw9/gradle-3.3/lib/plugins/gradle-platform-base-3.3.jar
7f7539c09000-7f7539c31000 r--s 0021c000 08:01 3552198                    /home/gsansigolo/.gradle/wrapper/dists/gradle-3.3-all/55gk2rcmfc6p2dg9u9ohc3hw9/gradle-3.3/lib/plugins/biz.aQute.bndlib-3.2.0.jar
7f7539c31000-7f7539c33000 r--s 00003000 08:01 3552150                    /home/gsansigolo/.gradle/wrapper/dists/gradle-3.3-all/55gk2rcmfc6p2dg9u9ohc3hw9/gradle-3.3/lib/plugins/gradle-osgi-3.3.jar
7f7539c33000-7f7539c36000 r--s 0000c000 08:01 3552201                    /home/gsansigolo/.gradle/wrapper/dists/gradle-3.3-all/55gk2rcmfc6p2dg9u9ohc3hw9/gradle-3.3/lib/plugins/pmaven-groovy-0.8-20100325.jar
7f7539c36000-7f7539c37000 r--s 00004000 08:01 3552200                    /home/gsansigolo/.gradle/wrapper/dists/gradle-3.3-all/55gk2rcmfc6p2dg9u9ohc3hw9/gradle-3.3/lib/plugins/pmaven-common-0.8-20100325.jar
7f7539c37000-7f7539c3d000 r--s 00023000 08:01 3552151                    /home/gsansigolo/.gradle/wrapper/dists/gradle-3.3-all/55gk2rcmfc6p2dg9u9ohc3hw9/gradle-3.3/lib/plugins/gradle-maven-3.3.jar
7f7539c3d000-7f7539c40000 r--s 0000b000 08:01 3552170                    /home/gsansigolo/.gradle/wrapper/dists/gradle-3.3-all/55gk2rcmfc6p2dg9u9ohc3hw9/gradle-3.3/lib/plugins/gradle-language-scala-3.3.jar
7f7539c40000-7f7539c46000 r--s 0001a000 08:01 3552174                    /home/gsansigolo/.gradle/wrapper/dists/gradle-3.3-all/55gk2rcmfc6p2dg9u9ohc3hw9/gradle-3.3/lib/plugins/gradle-language-native-3.3.jar
7f7539c46000-7f7539c49000 r--s 00005000 08:01 3552167                    /home/gsansigolo/.gradle/wrapper/dists/gradle-3.3-all/55gk2rcmfc6p2dg9u9ohc3hw9/gradle-3.3/lib/plugins/gradle-language-jvm-3.3.jar
7f7539c49000-7f7539c4f000 r--s 00027000 08:01 3552168                    /home/gsansigolo/.gradle/wrapper/dists/gradle-3.3-all/55gk2rcmfc6p2dg9u9ohc3hw9/gradle-3.3/lib/plugins/gradle-language-java-3.3.jar
7f7539c4f000-7f7539c51000 r--s 0000a000 08:01 3552169                    /home/gsansigolo/.gradle/wrapper/dists/gradle-3.3-all/55gk2rcmfc6p2dg9u9ohc3hw9/gradle-3.3/lib/plugins/gradle-language-groovy-3.3.jar
7f7539c51000-7f7539c54000 r--s 0001e000 08:01 3552225                    /home/gsansigolo/.gradle/wrapper/dists/gradle-3.3-all/55gk2rcmfc6p2dg9u9ohc3hw9/gradle-3.3/lib/plugins/jsp-api-2.1-6.1.14.jar
7f7539c54000-7f7539c77000 r--s 00344000 08:01 3552224                    /home/gsansigolo/.gradle/wrapper/dists/gradle-3.3-all/55gk2rcmfc6p2dg9u9ohc3hw9/gradle-3.3/lib/plugins/core-3.1.1.jar
7f7539c77000-7f7539c78000 r--s 00006000 08:01 3552223                    /home/gsansigolo/.gradle/wrapper/dists/gradle-3.3-all/55gk2rcmfc6p2dg9u9ohc3hw9/gradle-3.3/lib/plugins/jetty-naming-6.1.26.jar
7f7539c78000-7f7539c79000 r--s 00002000 08:01 3552197                    /home/gsansigolo/.gradle/wrapper/dists/gradle-3.3-all/55gk2rcmfc6p2dg9u9ohc3hw9/gradle-3.3/lib/plugins/geronimo-annotation_1.0_spec-1.0.jar
7f7539c79000-7f7539c7b000 r--s 00002000 08:01 3552196                    /home/gsansigolo/.gradle/wrapper/dists/gradle-3.3-all/55gk2rcmfc6p2dg9u9ohc3hw9/gradle-3.3/lib/plugins/jetty-annotations-6.1.26.jar
7f7539c7b000-7f7539c8c000 r--s 000ea000 08:01 3552195                    /home/gsansigolo/.gradle/wrapper/dists/gradle-3.3-all/55gk2rcmfc6p2dg9u9ohc3hw9/gradle-3.3/lib/plugins/jsp-2.1-6.1.14.jar
7f7539c8c000-7f7539c8e000 r--s 0000d000 08:01 3552194                    /home/gsansigolo/.gradle/wrapper/dists/gradle-3.3-all/55gk2rcmfc6p2dg9u9ohc3hw9/gradle-3.3/lib/plugins/jetty-plus-6.1.26.jar
7f7539c8e000-7f7539c90000 r--s 0001f000 08:01 3552193                    /home/gsansigolo/.gradle/wrapper/dists/gradle-3.3-all/55gk2rcmfc6p2dg9u9ohc3hw9/gradle-3.3/lib/plugins/servlet-api-2.5-20081211.jar
7f7539c90000-7f7539c94000 r--s 00028000 08:01 3552192                    /home/gsansigolo/.gradle/wrapper/dists/gradle-3.3-all/55gk2rcmfc6p2dg9u9ohc3hw9/gradle-3.3/lib/plugins/jetty-util-6.1.26.jar
7f7539c94000-7f7539c9b000 r--s 0007d000 08:01 3552191                    /home/gsansigolo/.gradle/wrapper/dists/gradle-3.3-all/55gk2rcmfc6p2dg9u9ohc3hw9/gradle-3.3/lib/plugins/jetty-6.1.26.jar
7f7539c9b000-7f7539c9d000 r--s 0000a000 08:01 3552148                    /home/gsansigolo/.gradle/wrapper/dists/gradle-3.3-all/55gk2rcmfc6p2dg9u9ohc3hw9/gradle-3.3/lib/plugins/gradle-jetty-3.3.jar
7f7539c9d000-7f7539ca4000 r--s 00035000 08:01 3552206                    /home/gsansigolo/.gradle/wrapper/dists/gradle-3.3-all/55gk2rcmfc6p2dg9u9ohc3hw9/gradle-3.3/lib/plugins/simple-4.1.21.jar
7f7539ca4000-7f7539cb0000 r--s 00100000 08:01 3552204                    /home/gsansigolo/.gradle/wrapper/dists/gradle-3.3-all/55gk2rcmfc6p2dg9u9ohc3hw9/gradle-3.3/lib/plugins/rhino-1.7R3.jar
7f7539cb0000-7f7539cb4000 r--s 00012000 08:01 3552157                    /home/gsansigolo/.gradle/wrapper/dists/gradle-3.3-all/55gk2rcmfc6p2dg9u9ohc3hw9/gradle-3.3/lib/plugins/gradle-javascript-3.3.jar
7f7539cb4000-7f7539cb6000 r--s 0000d000 08:01 3552163                    /home/gsansigolo/.gradle/wrapper/dists/gradle-3.3-all/55gk2rcmfc6p2dg9u9ohc3hw9/gradle-3.3/lib/plugins/gradle-jacoco-3.3.jar
7f7539cb6000-7f7539cb9000 r--s 0000e000 08:01 3552162                    /home/gsansigolo/.gradle/wrapper/dists/gradle-3.3-all/55gk2rcmfc6p2dg9u9ohc3hw9/gradle-3.3/lib/plugins/gradle-ivy-3.3.jar
7f7539cb9000-7f7539cba000 r--s 00002000 08:01 3552173                    /home/gsansigolo/.gradle/wrapper/dists/gradle-3.3-all/55gk2rcmfc6p2dg9u9ohc3hw9/gradle-3.3/lib/plugins/gradle-ide-play-3.3.jar
7f7539cba000-7f7539cbd000 r--s 00013000 08:01 3552175                    /home/gsansigolo/.gradle/wrapper/dists/gradle-3.3-all/55gk2rcmfc6p2dg9u9ohc3hw9/gradle-3.3/lib/plugins/gradle-ide-native-3.3.jar
7f7539cbd000-7f7539cc6000 r--s 00055000 08:01 3552152                    /home/gsansigolo/.gradle/wrapper/dists/gradle-3.3-all/55gk2rcmfc6p2dg9u9ohc3hw9/gradle-3.3/lib/plugins/gradle-ide-3.3.jar
7f7539cc6000-7f7539cc8000 r--s 00007000 08:01 3552156                    /home/gsansigolo/.gradle/wrapper/dists/gradle-3.3-all/55gk2rcmfc6p2dg9u9ohc3hw9/gradle-3.3/lib/plugins/gradle-ear-3.3.jar
7f7539cc8000-7f7539cce000 r--s 00039000 08:01 3552159                    /home/gsansigolo/.gradle/wrapper/dists/gradle-3.3-all/55gk2rcmfc6p2dg9u9ohc3hw9/gradle-3.3/lib/plugins/gradle-diagnostics-3.3.jar
7f7539cce000-7f7539ccf000 r--s 00009000 08:01 3552185                    /home/gsansigolo/.gradle/wrapper/dists/gradle-3.3-all/55gk2rcmfc6p2dg9u9ohc3hw9/gradle-3.3/lib/plugins/gradle-composite-builds-3.3.jar
7f7539ccf000-7f7539cd3000 r--s 00023000 08:01 3552147                    /home/gsansigolo/.gradle/wrapper/dists/gradle-3.3-all/55gk2rcmfc6p2dg9u9ohc3hw9/gradle-3.3/lib/plugins/gradle-code-quality-3.3.jar
7f7539cd3000-7f7539cd7000 r--s 00022000 08:01 3552164                    /home/gsansigolo/.gradle/wrapper/dists/gradle-3.3-all/55gk2rcmfc6p2dg9u9ohc3hw9/gradle-3.3/lib/plugins/gradle-build-init-3.3.jar
7f7539cd7000-7f7539cdd000 r--s 0008e000 08:01 3552158                    /home/gsansigolo/.gradle/wrapper/dists/gradle-3.3-all/55gk2rcmfc6p2dg9u9ohc3hw9/gradle-3.3/lib/plugins/gradle-build-comparison-3.3.jar
7f7539cdd000-7f7539cde000 r--s 00001000 08:01 3552186                    /home/gsansigolo/.gradle/wrapper/dists/gradle-3.3-all/55gk2rcmfc6p2dg9u9ohc3hw9/gradle-3.3/lib/plugins/gradle-build-cache-http-3.3.jar
7f7539cde000-7f7539ce0000 r--s 00008000 08:01 3552149                    /home/gsansigolo/.gradle/wrapper/dists/gradle-3.3-all/55gk2rcmfc6p2dg9u9ohc3hw9/gradle-3.3/lib/plugins/gradle-antlr-3.3.jar
7f7539ce0000-7f7539ce2000 r--s 00004000 08:01 3552153                    /home/gsansigolo/.gradle/wrapper/dists/gradle-3.3-all/55gk2rcmfc6p2dg9u9ohc3hw9/gradle-3.3/lib/plugins/gradle-announce-3.3.jar
7f7539ce2000-7f7539cfa000 r--s 00115000 08:01 3552255                    /home/gsansigolo/.gradle/wrapper/dists/gradle-3.3-all/55gk2rcmfc6p2dg9u9ohc3hw9/gradle-3.3/lib/plugins/xercesImpl-2.9.1.jar
7f7539cfa000-7f7539d02000 r--s 00028000 08:01 3552256                    /home/gsansigolo/.gradle/wrapper/dists/gradle-3.3-all/55gk2rcmfc6p2dg9u9ohc3hw9/gradle-3.3/lib/plugins/xml-apis-1.3.04.jar
7f7539d02000-7f7539d08000 r--s 0005b000 08:01 3552254                    /home/gsansigolo/.gradle/wrapper/dists/gradle-3.3-all/55gk2rcmfc6p2dg9u9ohc3hw9/gradle-3.3/lib/plugins/jcifs-1.3.17.jar
7f7539d08000-7f7539d0e000 r--s 00033000 08:01 3552202                    /home/gsansigolo/.gradle/wrapper/dists/gradle-3.3-all/55gk2rcmfc6p2dg9u9ohc3hw9/gradle-3.3/lib/plugins/commons-codec-1.6.jar
7f7539d0e000-7f7539d15000 r--s 00049000 08:01 3552253                    /home/gsansigolo/.gradle/wrapper/dists/gradle-3.3-all/55gk2rcmfc6p2dg9u9ohc3hw9/gradle-3.3/lib/plugins/httpcore-4.4.4.jar
7f7539d15000-7f7539d18000 r--s 0001c000 08:01 3552211                    /home/gsansigolo/.gradle/wrapper/dists/gradle-3.3-all/55gk2rcmfc6p2dg9u9ohc3hw9/gradle-3.3/lib/plugins/nekohtml-1.9.14.jar
7f7539d18000-7f7539d25000 r--s 000a4000 08:01 3552210                    /home/gsansigolo/.gradle/wrapper/dists/gradle-3.3-all/55gk2rcmfc6p2dg9u9ohc3hw9/gradle-3.3/lib/plugins/httpclient-4.4.1.jar
7f7539d25000-7f7539d28000 r--s 0000a000 08:01 3552181                    /home/gsansigolo/.gradle/wrapper/dists/gradle-3.3-all/55gk2rcmfc6p2dg9u9ohc3hw9/gradle-3.3/lib/plugins/gradle-resources-http-3.3.jar
7f7539d28000-7f7539d2c000 r--s 00015000 08:01 3552180                    /home/gsansigolo/.gradle/wrapper/dists/gradle-3.3-all/55gk2rcmfc6p2dg9u9ohc3hw9/gradle-3.3/lib/plugins/gradle-plugin-use-3.3.jar
7f7539d2c000-7f7539d2d000 r--s 00000000 08:01 3542874                    /home/gsansigolo/.gradle/wrapper/dists/gradle-3.3-all/55gk2rcmfc6p2dg9u9ohc3hw9/gradle-3.3/lib/gradle-installation-beacon-3.3.jar
7f7539d2d000-7f7539d2f000 r--s 00006000 08:01 3552249                    /home/gsansigolo/.gradle/wrapper/dists/gradle-3.3-all/55gk2rcmfc6p2dg9u9ohc3hw9/gradle-3.3/lib/plugins/aether-connector-wagon-1.13.1.jar
7f7539d2f000-7f7539d33000 r--s 0001c000 08:01 3552248                    /home/gsansigolo/.gradle/wrapper/dists/gradle-3.3-all/55gk2rcmfc6p2dg9u9ohc3hw9/gradle-3.3/lib/plugins/aether-util-1.13.1.jar
7f7539d33000-7f7539d34000 r--s 00003000 08:01 3552247                    /home/gsansigolo/.gradle/wrapper/dists/gradle-3.3-all/55gk2rcmfc6p2dg9u9ohc3hw9/gradle-3.3/lib/plugins/aether-spi-1.13.1.jar
7f7539d34000-7f7539d37000 r--s 0001d000 08:01 3552246                    /home/gsansigolo/.gradle/wrapper/dists/gradle-3.3-all/55gk2rcmfc6p2dg9u9ohc3hw9/gradle-3.3/lib/plugins/aether-impl-1.13.1.jar
7f7539d37000-7f7539d3a000 r--s 00013000 08:01 3552245                    /home/gsansigolo/.gradle/wrapper/dists/gradle-3.3-all/55gk2rcmfc6p2dg9u9ohc3hw9/gradle-3.3/lib/plugins/aether-api-1.13.1.jar
7f7539d3a000-7f7539d3b000 r--s 00007000 08:01 3552244                    /home/gsansigolo/.gradle/wrapper/dists/gradle-3.3-all/55gk2rcmfc6p2dg9u9ohc3hw9/gradle-3.3/lib/plugins/wagon-http-shared4-2.4.jar
7f7539d3b000-7f7539d3d000 r--s 0000b000 08:01 3552243                    /home/gsansigolo/.gradle/wrapper/dists/gradle-3.3-all/55gk2rcmfc6p2dg9u9ohc3hw9/gradle-3.3/lib/plugins/wagon-provider-api-2.4.jar
7f7539d3d000-7f7539d3e000 r--s 00002000 08:01 3552242                    /home/gsansigolo/.gradle/wrapper/dists/gradle-3.3-all/55gk2rcmfc6p2dg9u9ohc3hw9/gradle-3.3/lib/plugins/wagon-http-2.4.jar
7f7539d3e000-7f7539d3f000 r--s 00002000 08:01 3552241                    /home/gsansigolo/.gradle/wrapper/dists/gradle-3.3-all/55gk2rcmfc6p2dg9u9ohc3hw9/gradle-3.3/lib/plugins/wagon-file-2.4.jar
7f7539d3f000-7f7539d41000 r--s 0000c000 08:01 3552240                    /home/gsansigolo/.gradle/wrapper/dists/gradle-3.3-all/55gk2rcmfc6p2dg9u9ohc3hw9/gradle-3.3/lib/plugins/maven-aether-provider-3.0.4.jar
7f7539d41000-7f7539d43000 r--s 0000b000 08:01 3552239                    /home/gsansigolo/.gradle/wrapper/dists/gradle-3.3-all/55gk2rcmfc6p2dg9u9ohc3hw9/gradle-3.3/lib/plugins/maven-plugin-api-3.0.4.jar
7f7539d43000-7f7539d45000 r--s 00006000 08:01 3552238                    /home/gsansigolo/.gradle/wrapper/dists/gradle-3.3-all/55gk2rcmfc6p2dg9u9ohc3hw9/gradle-3.3/lib/plugins/maven-repository-metadata-3.0.4.jar
7f7539d45000-7f7539d47000 r--s 0000b000 08:01 3552237                    /home/gsansigolo/.gradle/wrapper/dists/gradle-3.3-all/55gk2rcmfc6p2dg9u9ohc3hw9/gradle-3.3/lib/plugins/maven-artifact-3.0.4.jar
7f7539d47000-7f7539d49000 r--s 00026000 08:01 3552236                    /home/gsansigolo/.gradle/wrapper/dists/gradle-3.3-all/55gk2rcmfc6p2dg9u9ohc3hw9/gradle-3.3/lib/plugins/maven-model-3.0.4.jar
7f7539d49000-7f7539d4d000 r--s 00021000 08:01 3552235                    /home/gsansigolo/.gradle/wrapper/dists/gradle-3.3-all/55gk2rcmfc6p2dg9u9ohc3hw9/gradle-3.3/lib/plugins/maven-model-builder-3.0.4.jar
7f7539d4d000-7f7539d53000 r--s 0003f000 08:01 3552234                    /home/gsansigolo/.gradle/wrapper/dists/gradle-3.3-all/55gk2rcmfc6p2dg9u9ohc3hw9/gradle-3.3/lib/plugins/maven-compat-3.0.4.jar
7f7539d53000-7f7539d55000 r--s 00002000 08:01 3552232                    /home/gsansigolo/.gradle/wrapper/dists/gradle-3.3-all/55gk2rcmfc6p2dg9u9ohc3hw9/gradle-3.3/lib/plugins/plexus-cipher-1.7.jar
7f7539d55000-7f7539d57000 r--s 0000a000 08:01 3552231                    /home/gsansigolo/.gradle/wrapper/dists/gradle-3.3-all/55gk2rcmfc6p2dg9u9ohc3hw9/gradle-3.3/lib/plugins/plexus-classworlds-2.4.jar
7f7539d57000-7f7539d5e000 r--s 0002e000 08:01 3552230                    /home/gsansigolo/.gradle/wrapper/dists/gradle-3.3-all/55gk2rcmfc6p2dg9u9ohc3hw9/gradle-3.3/lib/plugins/plexus-container-default-1.5.5.jar
7f7539d5e000-7f7539d60000 r--s 00000000 08:01 3552257                    /home/gsansigolo/.gradle/wrapper/dists/gradle-3.3-all/55gk2rcmfc6p2dg9u9ohc3hw9/gradle-3.3/lib/plugins/plexus-component-annotations-1.5.5.jar
7f7539d60000-7f7539d62000 r--s 0000d000 08:01 3552229                    /home/gsansigolo/.gradle/wrapper/dists/gradle-3.3-all/55gk2rcmfc6p2dg9u9ohc3hw9/gradle-3.3/lib/plugins/plexus-interpolation-1.14.jar
7f7539d62000-7f7539d66000 r--s 00033000 08:01 3552228                    /home/gsansigolo/.gradle/wrapper/dists/gradle-3.3-all/55gk2rcmfc6p2dg9u9ohc3hw9/gradle-3.3/lib/plugins/plexus-utils-2.0.6.jar
7f7539d66000-7f7539d69000 r--s 00008000 08:01 3552227                    /home/gsansigolo/.gradle/wrapper/dists/gradle-3.3-all/55gk2rcmfc6p2dg9u9ohc3hw9/gradle-3.3/lib/plugins/maven-settings-builder-3.0.4.jar
7f7539d69000-7f7539d6b000 r--s 0000a000 08:01 3552226                    /home/gsansigolo/.gradle/wrapper/dists/gradle-3.3-all/55gk2rcmfc6p2dg9u9ohc3hw9/gradle-3.3/lib/plugins/maven-settings-3.0.4.jar
7f7539d6b000-7f7539dab000 r--s 00277000 08:01 3552222                    /home/gsansigolo/.gradle/wrapper/dists/gradle-3.3-all/55gk2rcmfc6p2dg9u9ohc3hw9/gradle-3.3/lib/plugins/bcprov-jdk15on-1.51.jar
7f7539dab000-7f7539db7000 r--s 0007d000 08:01 3552199                    /home/gsansigolo/.gradle/wrapper/dists/gradle-3.3-all/55gk2rcmfc6p2dg9u9ohc3hw9/gradle-3.3/lib/plugins/maven-core-3.0.4.jar
7f7539db7000-7f7539dd6000 r--s 000f6000 08:01 3552188                    /home/gsansigolo/.gradle/wrapper/dists/gradle-3.3-all/55gk2rcmfc6p2dg9u9ohc3hw9/gradle-3.3/lib/plugins/gradle-dependency-management-3.3.jar
7f7539dd6000-7f7539dec000 r-xp 00000000 08:01 3411282                    /lib/x86_64-linux-gnu/libgcc_s.so.1
7f7539dec000-7f7539feb000 ---p 00016000 08:01 3411282                    /lib/x86_64-linux-gnu/libgcc_s.so.1
7f7539feb000-7f7539fec000 r--p 00015000 08:01 3411282                    /lib/x86_64-linux-gnu/libgcc_s.so.1
7f7539fec000-7f7539fed000 rw-p 00016000 08:01 3411282                    /lib/x86_64-linux-gnu/libgcc_s.so.1
7f7539fed000-7f753a166000 r-xp 00000000 08:01 2230346                    /usr/lib/x86_64-linux-gnu/libstdc++.so.6.0.22
7f753a166000-7f753a365000 ---p 00179000 08:01 2230346                    /usr/lib/x86_64-linux-gnu/libstdc++.so.6.0.22
7f753a365000-7f753a36f000 r--p 00178000 08:01 2230346                    /usr/lib/x86_64-linux-gnu/libstdc++.so.6.0.22
7f753a36f000-7f753a371000 rw-p 00182000 08:01 2230346                    /usr/lib/x86_64-linux-gnu/libstdc++.so.6.0.22
7f753a371000-7f753a375000 rw-p 00000000 00:00 0 
7f753a375000-7f753a376000 r--s 00006000 08:01 3552233                    /home/gsansigolo/.gradle/wrapper/dists/gradle-3.3-all/55gk2rcmfc6p2dg9u9ohc3hw9/gradle-3.3/lib/plugins/plexus-sec-dispatcher-1.3.jar
7f753a376000-7f753a37b000 r--s 00040000 08:01 3552212                    /home/gsansigolo/.gradle/wrapper/dists/gradle-3.3-all/55gk2rcmfc6p2dg9u9ohc3hw9/gradle-3.3/lib/plugins/jsch-0.1.53.jar
7f753a37b000-7f753a37f000 r--s 0001d000 08:01 3552221                    /home/gsansigolo/.gradle/wrapper/dists/gradle-3.3-all/55gk2rcmfc6p2dg9u9ohc3hw9/gradle-3.3/lib/plugins/xbean-reflect-3.4.jar
7f753a37f000-7f753a384000 r--s 00034000 08:01 3552205                    /home/gsansigolo/.gradle/wrapper/dists/gradle-3.3-all/55gk2rcmfc6p2dg9u9ohc3hw9/gradle-3.3/lib/plugins/gson-2.7.jar
7f753a384000-7f753a393000 r--s 000d9000 08:01 3552220                    /home/gsansigolo/.gradle/wrapper/dists/gradle-3.3-all/55gk2rcmfc6p2dg9u9ohc3hw9/gradle-3.3/lib/plugins/ivy-2.2.0.jar
7f753a393000-7f753a395000 r--s 00005000 08:01 3552187                    /home/gsansigolo/.gradle/wrapper/dists/gradle-3.3-all/55gk2rcmfc6p2dg9u9ohc3hw9/gradle-3.3/lib/plugins/gradle-workers-3.3.jar
7f753a395000-7f753a39a000 r-xp 00000000 08:01 2654043                    /home/gsansigolo/.gradle/native/23/linux-amd64/libnative-platform.so
7f753a39a000-7f753a599000 ---p 00005000 08:01 2654043                    /home/gsansigolo/.gradle/native/23/linux-amd64/libnative-platform.so
7f753a599000-7f753a59a000 rw-p 00004000 08:01 2654043                    /home/gsansigolo/.gradle/native/23/linux-amd64/libnative-platform.so
7f753a59a000-7f753a5ab000 r-xp 00000000 08:01 1314393                    /opt/android-studio/jre/jre/lib/amd64/libnio.so
7f753a5ab000-7f753a7aa000 ---p 00011000 08:01 1314393                    /opt/android-studio/jre/jre/lib/amd64/libnio.so
7f753a7aa000-7f753a7ab000 r--p 00010000 08:01 1314393                    /opt/android-studio/jre/jre/lib/amd64/libnio.so
7f753a7ab000-7f753a7ac000 rw-p 00011000 08:01 1314393                    /opt/android-studio/jre/jre/lib/amd64/libnio.so
7f753a7ac000-7f753a7c3000 r-xp 00000000 08:01 1314391                    /opt/android-studio/jre/jre/lib/amd64/libnet.so
7f753a7c3000-7f753a9c2000 ---p 00017000 08:01 1314391                    /opt/android-studio/jre/jre/lib/amd64/libnet.so
7f753a9c2000-7f753a9c3000 r--p 00016000 08:01 1314391                    /opt/android-studio/jre/jre/lib/amd64/libnet.so
7f753a9c3000-7f753a9c4000 rw-p 00017000 08:01 1314391                    /opt/android-studio/jre/jre/lib/amd64/libnet.so
7f753a9c4000-7f753a9c5000 r--s 00006000 08:01 3542873                    /home/gsansigolo/.gradle/wrapper/dists/gradle-3.3-all/55gk2rcmfc6p2dg9u9ohc3hw9/gradle-3.3/lib/gradle-wrapper-3.3.jar
7f753a9c5000-7f753a9d2000 r--s 00041000 08:01 3542894                    /home/gsansigolo/.gradle/wrapper/dists/gradle-3.3-all/55gk2rcmfc6p2dg9u9ohc3hw9/gradle-3.3/lib/gradle-tooling-api-3.3.jar
7f753a9d2000-7f753a9d4000 r--s 00002000 08:01 3552013                    /home/gsansigolo/.gradle/wrapper/dists/gradle-3.3-all/55gk2rcmfc6p2dg9u9ohc3hw9/gradle-3.3/lib/gradle-open-api-3.3.jar
7f753a9d4000-7f753a9da000 r--s 00032000 08:01 3552015                    /home/gsansigolo/.gradle/wrapper/dists/gradle-3.3-all/55gk2rcmfc6p2dg9u9ohc3hw9/gradle-3.3/lib/jaxen-1.1.jar
7f753a9da000-7f753a9df000 r--s 00048000 08:01 3552014                    /home/gsansigolo/.gradle/wrapper/dists/gradle-3.3-all/55gk2rcmfc6p2dg9u9ohc3hw9/gradle-3.3/lib/dom4j-1.6.1.jar
7f753a9df000-7f753a9ea000 r--s 00059000 08:01 3542881                    /home/gsansigolo/.gradle/wrapper/dists/gradle-3.3-all/55gk2rcmfc6p2dg9u9ohc3hw9/gradle-3.3/lib/gradle-ui-3.3.jar
7f753a9ea000-7f753a9f3000 r--s 0008c000 08:01 3542871                    /home/gsansigolo/.gradle/wrapper/dists/gradle-3.3-all/55gk2rcmfc6p2dg9u9ohc3hw9/gradle-3.3/lib/kotlin-stdlib-1.1-M02.jar
7f753a9f3000-7f753a9f9000 r--s 0002a000 08:01 3542869                    /home/gsansigolo/.gradle/wrapper/dists/gradle-3.3-all/55gk2rcmfc6p2dg9u9ohc3hw9/gradle-3.3/lib/kotlin-runtime-1.1-M02.jar
7f753a9f9000-7f753aa2d000 r--s 00256000 08:01 3542868                    /home/gsansigolo/.gradle/wrapper/dists/gradle-3.3-all/55gk2rcmfc6p2dg9u9ohc3hw9/gradle-3.3/lib/kotlin-reflect-1.1-M02.jar
7f753aa2d000-7f753abc3000 r--s 0157e000 08:01 3542866                    /home/gsansigolo/.gradle/wrapper/dists/gradle-3.3-all/55gk2rcmfc6p2dg9u9ohc3hw9/gradle-3.3/lib/kotlin-compiler-embeddable-1.1-M02.jar
7f753abc3000-7f753abcb000 r--s 0004e000 08:01 3542865                    /home/gsansigolo/.gradle/wrapper/dists/gradle-3.3-all/55gk2rcmfc6p2dg9u9ohc3hw9/gradle-3.3/lib/gradle-script-kotlin-0.5.1.jar
7f753abcb000-7f753abce000 r--s 0000b000 08:01 3552011                    /home/gsansigolo/.gradle/wrapper/dists/gradle-3.3-all/55gk2rcmfc6p2dg9u9ohc3hw9/gradle-3.3/lib/gradle-resources-3.3.jar
7f753abce000-7f753abd0000 r--s 00003000 08:01 3552020                    /home/gsansigolo/.gradle/wrapper/dists/gradle-3.3-all/55gk2rcmfc6p2dg9u9ohc3hw9/gradle-3.3/lib/jcl-over-slf4j-1.7.10.jar
7f753abd0000-7f753abd1000 r--s 00005000 08:01 3552019                    /home/gsansigolo/.gradle/wrapper/dists/gradle-3.3-all/55gk2rcmfc6p2dg9u9ohc3hw9/gradle-3.3/lib/log4j-over-slf4j-1.7.10.jar
7f753abd1000-7f753abd3000 r--s 00000000 08:01 3552018                    /home/gsansigolo/.gradle/wrapper/dists/gradle-3.3-all/55gk2rcmfc6p2dg9u9ohc3hw9/gradle-3.3/lib/jul-to-slf4j-1.7.10.jar
7f753abd3000-7f753abd8000 r--s 0001e000 08:01 3543313                    /home/gsansigolo/.gradle/wrapper/dists/gradle-3.3-all/55gk2rcmfc6p2dg9u9ohc3hw9/gradle-3.3/lib/gradle-logging-3.3.jar
7f753abd8000-7f753abda000 r--s 00007000 08:01 3552144                    /home/gsansigolo/.gradle/wrapper/dists/gradle-3.3-all/55gk2rcmfc6p2dg9u9ohc3hw9/gradle-3.3/lib/objenesis-1.2.jar
7f753abda000-7f753abdc000 r--s 00000000 08:01 3552143                    /home/gsansigolo/.gradle/wrapper/dists/gradle-3.3-all/55gk2rcmfc6p2dg9u9ohc3hw9/gradle-3.3/lib/minlog-1.2.jar
7f753abdc000-7f753abde000 r--s 0000f000 08:01 3552142                    /home/gsansigolo/.gradle/wrapper/dists/gradle-3.3-all/55gk2rcmfc6p2dg9u9ohc3hw9/gradle-3.3/lib/reflectasm-1.07-shaded.jar
7f753abde000-7f753abe2000 r--s 00026000 08:01 3552022                    /home/gsansigolo/.gradle/wrapper/dists/gradle-3.3-all/55gk2rcmfc6p2dg9u9ohc3hw9/gradle-3.3/lib/kryo-2.20.jar
7f753abe2000-7f753abe8000 r--s 00027000 08:01 3552009                    /home/gsansigolo/.gradle/wrapper/dists/gradle-3.3-all/55gk2rcmfc6p2dg9u9ohc3hw9/gradle-3.3/lib/gradle-messaging-3.3.jar
7f753abe8000-7f753abe9000 r--s 00001000 08:01 3552141                    /home/gsansigolo/.gradle/wrapper/dists/gradle-3.3-all/55gk2rcmfc6p2dg9u9ohc3hw9/gradle-3.3/lib/native-platform-linux-i386-ncurses6-0.12.jar
7f753abe9000-7f753abea000 r--s 00001000 08:01 3552140                    /home/gsansigolo/.gradle/wrapper/dists/gradle-3.3-all/55gk2rcmfc6p2dg9u9ohc3hw9/gradle-3.3/lib/native-platform-linux-i386-ncurses5-0.12.jar
7f753abea000-7f753abeb000 r--s 00001000 08:01 3552139                    /home/gsansigolo/.gradle/wrapper/dists/gradle-3.3-all/55gk2rcmfc6p2dg9u9ohc3hw9/gradle-3.3/lib/native-platform-linux-amd64-ncurses6-0.12.jar
7f753abeb000-7f753abec000 r--s 00001000 08:01 3552138                    /home/gsansigolo/.gradle/wrapper/dists/gradle-3.3-all/55gk2rcmfc6p2dg9u9ohc3hw9/gradle-3.3/lib/native-platform-linux-amd64-ncurses5-0.12.jar
7f753abec000-7f753abee000 r--s 0000b000 08:01 3552136                    /home/gsansigolo/.gradle/wrapper/dists/gradle-3.3-all/55gk2rcmfc6p2dg9u9ohc3hw9/gradle-3.3/lib/native-platform-windows-amd64-0.12.jar
7f753abee000-7f753abf0000 r--s 00002000 08:01 3552135                    /home/gsansigolo/.gradle/wrapper/dists/gradle-3.3-all/55gk2rcmfc6p2dg9u9ohc3hw9/gradle-3.3/lib/native-platform-osx-i386-0.12.jar
7f753abf0000-7f753abff000 r--s 0007f000 08:01 3551316                    /home/gsansigolo/.gradle/wrapper/dists/gradle-3.3-all/55gk2rcmfc6p2dg9u9ohc3hw9/gradle-3.3/lib/gradle-model-core-3.3.jar
7f753abff000-7f753ac6f000 r--s 00641000 08:01 3550868                    /home/gsansigolo/.gradle/wrapper/dists/gradle-3.3-all/55gk2rcmfc6p2dg9u9ohc3hw9/gradle-3.3/lib/groovy-all-2.4.7.jar
7f753ac6f000-7f753ac97000 r--s 001cf000 08:01 3545947                    /home/gsansigolo/.gradle/wrapper/dists/gradle-3.3-all/55gk2rcmfc6p2dg9u9ohc3hw9/gradle-3.3/lib/guava-jdk5-17.0.jar
7f753ac97000-7f753acb6000 r--s 001d1000 08:01 3551534                    /home/gsansigolo/.gradle/wrapper/dists/gradle-3.3-all/55gk2rcmfc6p2dg9u9ohc3hw9/gradle-3.3/lib/ant-1.9.6.jar
7f753acb6000-7f753acf3000 r--s 001f8000 08:01 3542879                    /home/gsansigolo/.gradle/wrapper/dists/gradle-3.3-all/55gk2rcmfc6p2dg9u9ohc3hw9/gradle-3.3/lib/gradle-core-3.3.jar
7f753acf3000-7f753acf4000 ---p 00000000 00:00 0 
7f753acf4000-7f753adf4000 rw-p 00000000 00:00 0 
7f753adf4000-7f753adf7000 ---p 00000000 00:00 0 
7f753adf7000-7f753aef5000 rw-p 00000000 00:00 0 
7f753aef5000-7f753aef8000 ---p 00000000 00:00 0 
7f753aef8000-7f753aff6000 rw-p 00000000 00:00 0 
7f753aff6000-7f753aff9000 ---p 00000000 00:00 0 
7f753aff9000-7f753b0f7000 rw-p 00000000 00:00 0 
7f753b0f7000-7f753b0fa000 ---p 00000000 00:00 0 
7f753b0fa000-7f753b1f8000 rw-p 00000000 00:00 0 
7f753b1f8000-7f753b4d4000 r--p 00000000 08:01 2228944                    /usr/lib/locale/locale-archive
7f753b4d4000-7f753b4d7000 ---p 00000000 00:00 0 
7f753b4d7000-7f753b5d5000 rw-p 00000000 00:00 0 
7f753b5d5000-7f753b5d8000 ---p 00000000 00:00 0 
7f753b5d8000-7f753b6d6000 rw-p 00000000 00:00 0 
7f753b6d6000-7f753b6d7000 ---p 00000000 00:00 0 
7f753b6d7000-7f753c000000 rw-p 00000000 00:00 0 
7f753c000000-7f753c087000 rw-p 00000000 00:00 0 
7f753c087000-7f7540000000 ---p 00000000 00:00 0 
7f7540000000-7f7540001000 r--s 0000b000 08:01 3552137                    /home/gsansigolo/.gradle/wrapper/dists/gradle-3.3-all/55gk2rcmfc6p2dg9u9ohc3hw9/gradle-3.3/lib/native-platform-windows-i386-0.12.jar
7f7540001000-7f7540002000 r--s 00002000 08:01 3552134                    /home/gsansigolo/.gradle/wrapper/dists/gradle-3.3-all/55gk2rcmfc6p2dg9u9ohc3hw9/gradle-3.3/lib/native-platform-osx-amd64-0.12.jar
7f7540002000-7f7540003000 r--s 00002000 08:01 3552133                    /home/gsansigolo/.gradle/wrapper/dists/gradle-3.3-all/55gk2rcmfc6p2dg9u9ohc3hw9/gradle-3.3/lib/native-platform-linux-i386-0.12.jar
7f7540003000-7f7540004000 r--s 00002000 08:01 3552132                    /home/gsansigolo/.gradle/wrapper/dists/gradle-3.3-all/55gk2rcmfc6p2dg9u9ohc3hw9/gradle-3.3/lib/native-platform-linux-amd64-0.12.jar
7f7540004000-7f7540005000 r--s 00003000 08:01 3552131                    /home/gsansigolo/.gradle/wrapper/dists/gradle-3.3-all/55gk2rcmfc6p2dg9u9ohc3hw9/gradle-3.3/lib/native-platform-freebsd-i386-libstdcpp-0.12.jar
7f7540005000-7f7540007000 r--s 00003000 08:01 3552052                    /home/gsansigolo/.gradle/wrapper/dists/gradle-3.3-all/55gk2rcmfc6p2dg9u9ohc3hw9/gradle-3.3/lib/native-platform-freebsd-amd64-libstdcpp-0.12.jar
7f7540007000-7f754000a000 r--s 00023000 08:01 3552017                    /home/gsansigolo/.gradle/wrapper/dists/gradle-3.3-all/55gk2rcmfc6p2dg9u9ohc3hw9/gradle-3.3/lib/jansi-1.14.jar
7f754000a000-7f754000e000 r--s 00011000 08:01 3552016                    /home/gsansigolo/.gradle/wrapper/dists/gradle-3.3-all/55gk2rcmfc6p2dg9u9ohc3hw9/gradle-3.3/lib/native-platform-0.12.jar
7f754000e000-7f754001b000 r--s 00083000 08:01 3551537                    /home/gsansigolo/.gradle/wrapper/dists/gradle-3.3-all/55gk2rcmfc6p2dg9u9ohc3hw9/gradle-3.3/lib/commons-collections-3.2.2.jar
7f754001b000-7f754011c000 rw-p 00000000 00:00 0 
7f754011c000-7f75402eb000 r--s 03c1b000 08:01 1314361                    /opt/android-studio/jre/jre/lib/rt.jar
7f75402eb000-7f7543deb000 rw-p 00000000 00:00 0 
7f7543deb000-7f7543dec000 ---p 00000000 00:00 0 
7f7543dec000-7f7543f83000 rw-p 00000000 00:00 0 
7f7543f83000-7f75440ec000 ---p 00000000 00:00 0 
7f75440ec000-7f7544183000 rw-p 00000000 00:00 0 
7f7544183000-7f75442ec000 ---p 00000000 00:00 0 
7f75442ec000-7f75443ec000 rw-p 00000000 00:00 0 
7f75443ec000-7f7544451000 rw-p 00000000 00:00 0 
7f7544451000-7f75447ad000 ---p 00000000 00:00 0 
7f75447ad000-7f754609d000 rwxp 00000000 00:00 0 
7f754609d000-7f75537ad000 ---p 00000000 00:00 0 
7f75537ad000-7f75537c7000 r-xp 00000000 08:01 1314388                    /opt/android-studio/jre/jre/lib/amd64/libzip.so
7f75537c7000-7f75539c7000 ---p 0001a000 08:01 1314388                    /opt/android-studio/jre/jre/lib/amd64/libzip.so
7f75539c7000-7f75539c8000 r--p 0001a000 08:01 1314388                    /opt/android-studio/jre/jre/lib/amd64/libzip.so
7f75539c8000-7f75539c9000 rw-p 0001b000 08:01 1314388                    /opt/android-studio/jre/jre/lib/amd64/libzip.so
7f75539c9000-7f75539d4000 r-xp 00000000 08:01 3411376                    /lib/x86_64-linux-gnu/libnss_files-2.24.so
7f75539d4000-7f7553bd3000 ---p 0000b000 08:01 3411376                    /lib/x86_64-linux-gnu/libnss_files-2.24.so
7f7553bd3000-7f7553bd4000 r--p 0000a000 08:01 3411376                    /lib/x86_64-linux-gnu/libnss_files-2.24.so
7f7553bd4000-7f7553bd5000 rw-p 0000b000 08:01 3411376                    /lib/x86_64-linux-gnu/libnss_files-2.24.so
7f7553bd5000-7f7553bdb000 rw-p 00000000 00:00 0 
7f7553bdb000-7f7553be6000 r-xp 00000000 08:01 3411378                    /lib/x86_64-linux-gnu/libnss_nis-2.24.so
7f7553be6000-7f7553de5000 ---p 0000b000 08:01 3411378                    /lib/x86_64-linux-gnu/libnss_nis-2.24.so
7f7553de5000-7f7553de6000 r--p 0000a000 08:01 3411378                    /lib/x86_64-linux-gnu/libnss_nis-2.24.so
7f7553de6000-7f7553de7000 rw-p 0000b000 08:01 3411378                    /lib/x86_64-linux-gnu/libnss_nis-2.24.so
7f7553de7000-7f7553dfd000 r-xp 00000000 08:01 3411373                    /lib/x86_64-linux-gnu/libnsl-2.24.so
7f7553dfd000-7f7553ffc000 ---p 00016000 08:01 3411373                    /lib/x86_64-linux-gnu/libnsl-2.24.so
7f7553ffc000-7f7553ffd000 r--p 00015000 08:01 3411373                    /lib/x86_64-linux-gnu/libnsl-2.24.so
7f7553ffd000-7f7553ffe000 rw-p 00016000 08:01 3411373                    /lib/x86_64-linux-gnu/libnsl-2.24.so
7f7553ffe000-7f7554000000 rw-p 00000000 00:00 0 
7f7554000000-7f7554c99000 rw-p 00000000 00:00 0 
7f7554c99000-7f7558000000 ---p 00000000 00:00 0 
7f7558000000-7f7558001000 r--s 00004000 08:01 3552130                    /home/gsansigolo/.gradle/wrapper/dists/gradle-3.3-all/55gk2rcmfc6p2dg9u9ohc3hw9/gradle-3.3/lib/native-platform-freebsd-i386-libcpp-0.12.jar
7f7558001000-7f7558004000 r--s 0000a000 08:01 3542895                    /home/gsansigolo/.gradle/wrapper/dists/gradle-3.3-all/55gk2rcmfc6p2dg9u9ohc3hw9/gradle-3.3/lib/gradle-native-3.3.jar
7f7558004000-7f7558006000 r--s 00005000 08:01 3542880                    /home/gsansigolo/.gradle/wrapper/dists/gradle-3.3-all/55gk2rcmfc6p2dg9u9ohc3hw9/gradle-3.3/lib/gradle-cli-3.3.jar
7f7558006000-7f7558008000 r--s 00007000 08:01 3551349                    /home/gsansigolo/.gradle/wrapper/dists/gradle-3.3-all/55gk2rcmfc6p2dg9u9ohc3hw9/gradle-3.3/lib/gradle-model-groovy-3.3.jar
7f7558008000-7f755800a000 r--s 00006000 08:01 3552008                    /home/gsansigolo/.gradle/wrapper/dists/gradle-3.3-all/55gk2rcmfc6p2dg9u9ohc3hw9/gradle-3.3/lib/gradle-base-services-groovy-3.3.jar
7f755800a000-7f75580ef000 rw-p 00000000 00:00 0 
7f75580ef000-7f75580f0000 ---p 00000000 00:00 0 
7f75580f0000-7f75581f0000 rw-p 00000000 00:00 0 
7f75581f0000-7f75581f8000 r-xp 00000000 08:01 3411374                    /lib/x86_64-linux-gnu/libnss_compat-2.24.so
7f75581f8000-7f75583f7000 ---p 00008000 08:01 3411374                    /lib/x86_64-linux-gnu/libnss_compat-2.24.so
7f75583f7000-7f75583f8000 r--p 00007000 08:01 3411374                    /lib/x86_64-linux-gnu/libnss_compat-2.24.so
7f75583f8000-7f75583f9000 rw-p 00008000 08:01 3411374                    /lib/x86_64-linux-gnu/libnss_compat-2.24.so
7f75583f9000-7f7558426000 r-xp 00000000 08:01 1314398                    /opt/android-studio/jre/jre/lib/amd64/libjava.so
7f7558426000-7f7558625000 ---p 0002d000 08:01 1314398                    /opt/android-studio/jre/jre/lib/amd64/libjava.so
7f7558625000-7f7558626000 r--p 0002c000 08:01 1314398                    /opt/android-studio/jre/jre/lib/amd64/libjava.so
7f7558626000-7f7558628000 rw-p 0002d000 08:01 1314398                    /opt/android-studio/jre/jre/lib/amd64/libjava.so
7f7558628000-7f7558638000 r-xp 00000000 08:01 1314414                    /opt/android-studio/jre/jre/lib/amd64/libverify.so
7f7558638000-7f7558837000 ---p 00010000 08:01 1314414                    /opt/android-studio/jre/jre/lib/amd64/libverify.so
7f7558837000-7f7558839000 r--p 0000f000 08:01 1314414                    /opt/android-studio/jre/jre/lib/amd64/libverify.so
7f7558839000-7f755883a000 rw-p 00011000 08:01 1314414                    /opt/android-studio/jre/jre/lib/amd64/libverify.so
7f755883a000-7f7558841000 r-xp 00000000 08:01 3411383                    /lib/x86_64-linux-gnu/librt-2.24.so
7f7558841000-7f7558a40000 ---p 00007000 08:01 3411383                    /lib/x86_64-linux-gnu/librt-2.24.so
7f7558a40000-7f7558a41000 r--p 00006000 08:01 3411383                    /lib/x86_64-linux-gnu/librt-2.24.so
7f7558a41000-7f7558a42000 rw-p 00007000 08:01 3411383                    /lib/x86_64-linux-gnu/librt-2.24.so
7f7558a42000-7f7558b4a000 r-xp 00000000 08:01 3411370                    /lib/x86_64-linux-gnu/libm-2.24.so
7f7558b4a000-7f7558d49000 ---p 00108000 08:01 3411370                    /lib/x86_64-linux-gnu/libm-2.24.so
7f7558d49000-7f7558d4a000 r--p 00107000 08:01 3411370                    /lib/x86_64-linux-gnu/libm-2.24.so
7f7558d4a000-7f7558d4b000 rw-p 00108000 08:01 3411370                    /lib/x86_64-linux-gnu/libm-2.24.so
7f7558d4b000-7f755993c000 r-xp 00000000 08:01 1314418                    /opt/android-studio/jre/jre/lib/amd64/server/libjvm.so
7f755993c000-7f7559b3c000 ---p 00bf1000 08:01 1314418                    /opt/android-studio/jre/jre/lib/amd64/server/libjvm.so
7f7559b3c000-7f7559bdb000 r--p 00bf1000 08:01 1314418                    /opt/android-studio/jre/jre/lib/amd64/server/libjvm.so
7f7559bdb000-7f7559c04000 rw-p 00c90000 08:01 1314418                    /opt/android-studio/jre/jre/lib/amd64/server/libjvm.so
7f7559c04000-7f7559c48000 rw-p 00000000 00:00 0 
7f7559c48000-7f7559c60000 r-xp 00000000 08:01 3411381                    /lib/x86_64-linux-gnu/libpthread-2.24.so
7f7559c60000-7f7559e60000 ---p 00018000 08:01 3411381                    /lib/x86_64-linux-gnu/libpthread-2.24.so
7f7559e60000-7f7559e61000 r--p 00018000 08:01 3411381                    /lib/x86_64-linux-gnu/libpthread-2.24.so
7f7559e61000-7f7559e62000 rw-p 00019000 08:01 3411381                    /lib/x86_64-linux-gnu/libpthread-2.24.so
7f7559e62000-7f7559e66000 rw-p 00000000 00:00 0 
7f7559e66000-7f7559e69000 r-xp 00000000 08:01 3411369                    /lib/x86_64-linux-gnu/libdl-2.24.so
7f7559e69000-7f755a068000 ---p 00003000 08:01 3411369                    /lib/x86_64-linux-gnu/libdl-2.24.so
7f755a068000-7f755a069000 r--p 00002000 08:01 3411369                    /lib/x86_64-linux-gnu/libdl-2.24.so
7f755a069000-7f755a06a000 rw-p 00003000 08:01 3411369                    /lib/x86_64-linux-gnu/libdl-2.24.so
7f755a06a000-7f755a227000 r-xp 00000000 08:01 3411366                    /lib/x86_64-linux-gnu/libc-2.24.so
7f755a227000-7f755a427000 ---p 001bd000 08:01 3411366                    /lib/x86_64-linux-gnu/libc-2.24.so
7f755a427000-7f755a42b000 r--p 001bd000 08:01 3411366                    /lib/x86_64-linux-gnu/libc-2.24.so
7f755a42b000-7f755a42d000 rw-p 001c1000 08:01 3411366                    /lib/x86_64-linux-gnu/libc-2.24.so
7f755a42d000-7f755a431000 rw-p 00000000 00:00 0 
7f755a431000-7f755a447000 r-xp 00000000 08:01 1314278                    /opt/android-studio/jre/lib/amd64/jli/libjli.so
7f755a447000-7f755a646000 ---p 00016000 08:01 1314278                    /opt/android-studio/jre/lib/amd64/jli/libjli.so
7f755a646000-7f755a647000 r--p 00015000 08:01 1314278                    /opt/android-studio/jre/lib/amd64/jli/libjli.so
7f755a647000-7f755a648000 rw-p 00016000 08:01 1314278                    /opt/android-studio/jre/lib/amd64/jli/libjli.so
7f755a648000-7f755a66d000 r-xp 00000000 08:01 3411362                    /lib/x86_64-linux-gnu/ld-2.24.so
7f755a66d000-7f755a66e000 r--s 00004000 08:01 3552023                    /home/gsansigolo/.gradle/wrapper/dists/gradle-3.3-all/55gk2rcmfc6p2dg9u9ohc3hw9/gradle-3.3/lib/native-platform-freebsd-amd64-libcpp-0.12.jar
7f755a66e000-7f755a66f000 r--s 00002000 08:01 3552012                    /home/gsansigolo/.gradle/wrapper/dists/gradle-3.3-all/55gk2rcmfc6p2dg9u9ohc3hw9/gradle-3.3/lib/gradle-docs-3.3.jar
7f755a66f000-7f755a670000 r--s 00000000 08:01 3552007                    /home/gsansigolo/.gradle/wrapper/dists/gradle-3.3-all/55gk2rcmfc6p2dg9u9ohc3hw9/gradle-3.3/lib/javax.inject-1.jar
7f755a670000-7f755a671000 r--s 00000000 08:01 3551543                    /home/gsansigolo/.gradle/wrapper/dists/gradle-3.3-all/55gk2rcmfc6p2dg9u9ohc3hw9/gradle-3.3/lib/jcip-annotations-1.0.jar
7f755a671000-7f755a675000 r--s 00027000 08:01 3551540                    /home/gsansigolo/.gradle/wrapper/dists/gradle-3.3-all/55gk2rcmfc6p2dg9u9ohc3hw9/gradle-3.3/lib/commons-io-2.2.jar
7f755a675000-7f755a67a000 r--s 00038000 08:01 3551513                    /home/gsansigolo/.gradle/wrapper/dists/gradle-3.3-all/55gk2rcmfc6p2dg9u9ohc3hw9/gradle-3.3/lib/asm-all-5.1.jar
7f755a67a000-7f755a67b000 r--s 00001000 08:01 3546587                    /home/gsansigolo/.gradle/wrapper/dists/gradle-3.3-all/55gk2rcmfc6p2dg9u9ohc3hw9/gradle-3.3/lib/gradle-process-services-3.3.jar
7f755a67b000-7f755a67d000 r--s 00000000 08:01 3542877                    /home/gsansigolo/.gradle/wrapper/dists/gradle-3.3-all/55gk2rcmfc6p2dg9u9ohc3hw9/gradle-3.3/lib/gradle-jvm-services-3.3.jar
7f755a67d000-7f755a67e000 r--s 00000000 08:01 3552259                    /home/gsansigolo/.gradle/wrapper/dists/gradle-3.3-all/55gk2rcmfc6p2dg9u9ohc3hw9/gradle-3.3/lib/gradle-version-info-3.3.jar
7f755a67e000-7f755a683000 r--s 00041000 08:01 3546566                    /home/gsansigolo/.gradle/wrapper/dists/gradle-3.3-all/55gk2rcmfc6p2dg9u9ohc3hw9/gradle-3.3/lib/commons-lang-2.6.jar
7f755a683000-7f755a684000 r--s 00007000 08:01 3543314                    /home/gsansigolo/.gradle/wrapper/dists/gradle-3.3-all/55gk2rcmfc6p2dg9u9ohc3hw9/gradle-3.3/lib/slf4j-api-1.7.10.jar
7f755a684000-7f755a685000 r--s 00004000 08:01 3552021                    /home/gsansigolo/.gradle/wrapper/dists/gradle-3.3-all/55gk2rcmfc6p2dg9u9ohc3hw9/gradle-3.3/lib/ant-launcher-1.9.6.jar
7f755a685000-7f755a747000 rw-p 00000000 00:00 0 
7f755a747000-7f755a74a000 ---p 00000000 00:00 0 
7f755a74a000-7f755a84a000 rw-p 00000000 00:00 0 
7f755a84a000-7f755a853000 r--s 00042000 08:01 3542875                    /home/gsansigolo/.gradle/wrapper/dists/gradle-3.3-all/55gk2rcmfc6p2dg9u9ohc3hw9/gradle-3.3/lib/gradle-base-services-3.3.jar
7f755a853000-7f755a860000 r--s 0005c000 08:01 3542872                    /home/gsansigolo/.gradle/wrapper/dists/gradle-3.3-all/55gk2rcmfc6p2dg9u9ohc3hw9/gradle-3.3/lib/gradle-launcher-3.3.jar
7f755a860000-7f755a868000 rw-s 00000000 08:01 2001632                    /tmp/hsperfdata_gsansigolo/6736
7f755a868000-7f755a869000 rw-p 00000000 00:00 0 
7f755a869000-7f755a86a000 ---p 00000000 00:00 0 
7f755a86a000-7f755a86d000 rw-p 00000000 00:00 0 
7f755a86d000-7f755a86e000 r--p 00025000 08:01 3411362                    /lib/x86_64-linux-gnu/ld-2.24.so
7f755a86e000-7f755a86f000 rw-p 00026000 08:01 3411362                    /lib/x86_64-linux-gnu/ld-2.24.so
7f755a86f000-7f755a870000 rw-p 00000000 00:00 0 
7ffc9ed7d000-7ffc9ed9e000 rw-p 00000000 00:00 0                          [stack]
7ffc9edb9000-7ffc9edbb000 r--p 00000000 00:00 0                          [vvar]
7ffc9edbb000-7ffc9edbd000 r-xp 00000000 00:00 0                          [vdso]
ffffffffff600000-ffffffffff601000 r-xp 00000000 00:00 0                  [vsyscall]

VM Arguments:
jvm_args: -Xmx1536m -Dfile.encoding=UTF-8 -Duser.country=US -Duser.language=en -Duser.variant 
java_command: org.gradle.launcher.daemon.bootstrap.GradleDaemon 3.3
java_class_path (initial): /home/gsansigolo/.gradle/wrapper/dists/gradle-3.3-all/55gk2rcmfc6p2dg9u9ohc3hw9/gradle-3.3/lib/gradle-launcher-3.3.jar
Launcher Type: SUN_STANDARD

Environment Variables:
JAVA_HOME=/usr/lib/jvm/java-8-oracle
PATH=/home/gsansigolo/bin:/home/gsansigolo/.local/bin:/usr/local/sbin:/usr/local/bin:/usr/sbin:/usr/bin:/sbin:/bin:/usr/games:/usr/local/games:/snap/bin:/usr/lib/jvm/java-8-oracle/bin:/usr/lib/jvm/java-8-oracle/db/bin:/usr/lib/jvm/java-8-oracle/jre/bin
LD_LIBRARY_PATH=/opt/android-studio/bin:
SHELL=/bin/bash
DISPLAY=:0

Signal Handlers:
SIGSEGV: [libjvm.so+0x9e5150], sa_mask[0]=11111111011111111101111111111110, sa_flags=SA_RESTART|SA_SIGINFO
SIGBUS: [libjvm.so+0x9e5150], sa_mask[0]=11111111011111111101111111111110, sa_flags=SA_RESTART|SA_SIGINFO
SIGFPE: [libjvm.so+0x848450], sa_mask[0]=11111111011111111101111111111110, sa_flags=SA_RESTART|SA_SIGINFO
SIGPIPE: [libjvm.so+0x848450], sa_mask[0]=11111111011111111101111111111110, sa_flags=SA_RESTART|SA_SIGINFO
SIGXFSZ: [libjvm.so+0x848450], sa_mask[0]=11111111011111111101111111111110, sa_flags=SA_RESTART|SA_SIGINFO
SIGILL: [libjvm.so+0x848450], sa_mask[0]=11111111011111111101111111111110, sa_flags=SA_RESTART|SA_SIGINFO
SIGUSR1: SIG_DFL, sa_mask[0]=00000000000000000000000000000000, sa_flags=none
SIGUSR2: [libjvm.so+0x848320], sa_mask[0]=00100000000000000000000000000000, sa_flags=SA_RESTART|SA_SIGINFO
SIGHUP: [libjvm.so+0x848510], sa_mask[0]=11111111011111111101111111111110, sa_flags=SA_RESTART|SA_SIGINFO
SIGINT: [libjvm.so+0x848510], sa_mask[0]=11111111011111111101111111111110, sa_flags=SA_RESTART|SA_SIGINFO
SIGTERM: [libjvm.so+0x848510], sa_mask[0]=11111111011111111101111111111110, sa_flags=SA_RESTART|SA_SIGINFO
SIGQUIT: [libjvm.so+0x848510], sa_mask[0]=11111111011111111101111111111110, sa_flags=SA_RESTART|SA_SIGINFO


---------------  S Y S T E M  ---------------

OS:DISTRIB_ID=Ubuntu
DISTRIB_RELEASE=17.04
DISTRIB_CODENAME=zesty
DISTRIB_DESCRIPTION="Ubuntu 17.04"

uname:Linux 4.10.0-22-generic #24-Ubuntu SMP Mon May 22 17:43:20 UTC 2017 x86_64
libc:glibc 2.24 NPTL 2.24 
rlimit: STACK 8192k, CORE 0k, NPROC 13394, NOFILE 4096, AS infinity
load average:17,58 5,80 3,20

/proc/meminfo:
MemTotal:        3474664 kB
MemFree:           90140 kB
MemAvailable:      22320 kB
Buffers:            1988 kB
Cached:           149584 kB
SwapCached:            0 kB
Active:          3053224 kB
Inactive:         124124 kB
Active(anon):    3027080 kB
Inactive(anon):    87832 kB
Active(file):      26144 kB
Inactive(file):    36292 kB
Unevictable:          48 kB
Mlocked:              48 kB
SwapTotal:             0 kB
SwapFree:              0 kB
Dirty:                52 kB
Writeback:           132 kB
AnonPages:       3025984 kB
Mapped:           128772 kB
Shmem:             88976 kB
Slab:              75428 kB
SReclaimable:      34800 kB
SUnreclaim:        40628 kB
KernelStack:       11696 kB
PageTables:        50636 kB
NFS_Unstable:          0 kB
Bounce:                0 kB
WritebackTmp:          0 kB
CommitLimit:     1737332 kB
Committed_AS:    8570640 kB
VmallocTotal:   34359738367 kB
VmallocUsed:           0 kB
VmallocChunk:          0 kB
HardwareCorrupted:     0 kB
AnonHugePages:   1214464 kB
ShmemHugePages:        0 kB
ShmemPmdMapped:        0 kB
CmaTotal:              0 kB
CmaFree:               0 kB
HugePages_Total:       0
HugePages_Free:        0
HugePages_Rsvd:        0
HugePages_Surp:        0
Hugepagesize:       2048 kB
DirectMap4k:      241148 kB
DirectMap2M:     3375104 kB
DirectMap1G:           0 kB


CPU:total 2 (2 cores per cpu, 1 threads per core) family 22 model 0 stepping 1, cmov, cx8, fxsr, mmx, sse, sse2, sse3, ssse3, sse4.1, sse4.2, popcnt, avx, aes, clmul, mmxext, 3dnowpref, lzcnt, sse4a, tsc, tscinvbit, tscinv, bmi1

/proc/cpuinfo:
processor	: 0
vendor_id	: AuthenticAMD
cpu family	: 22
model		: 0
model name	: AMD E1-2500 APU with Radeon(TM) HD Graphics
stepping	: 1
microcode	: 0x700010b
cpu MHz		: 1000.000
cache size	: 1024 KB
physical id	: 0
siblings	: 2
core id		: 0
cpu cores	: 2
apicid		: 0
initial apicid	: 0
fpu		: yes
fpu_exception	: yes
cpuid level	: 13
wp		: yes
flags		: fpu vme de pse tsc msr pae mce cx8 apic sep mtrr pge mca cmov pat pse36 clflush mmx fxsr sse sse2 ht syscall nx mmxext fxsr_opt pdpe1gb rdtscp lm constant_tsc rep_good nopl nonstop_tsc extd_apicid aperfmperf pni pclmulqdq monitor ssse3 cx16 sse4_1 sse4_2 movbe popcnt aes xsave avx f16c lahf_lm cmp_legacy svm extapic cr8_legacy abm sse4a misalignsse 3dnowprefetch osvw ibs skinit wdt topoext perfctr_nb bpext perfctr_l2 hw_pstate proc_feedback vmmcall bmi1 xsaveopt arat npt lbrv svm_lock nrip_save tsc_scale flushbyasid decodeassists pausefilter pfthreshold overflow_recov
bugs		: fxsave_leak sysret_ss_attrs null_seg
bogomips	: 2794.85
TLB size	: 1024 4K pages
clflush size	: 64
cache_alignment	: 64
address sizes	: 40 bits physical, 48 bits virtual
power management: ts ttp tm 100mhzsteps hwpstate proc_feedback

processor	: 1
vendor_id	: AuthenticAMD
cpu family	: 22
model		: 0
model name	: AMD E1-2500 APU with Radeon(TM) HD Graphics
stepping	: 1
microcode	: 0x700010b
cpu MHz		: 800.000
cache size	: 1024 KB
physical id	: 0
siblings	: 2
core id		: 1
cpu cores	: 2
apicid		: 1
initial apicid	: 1
fpu		: yes
fpu_exception	: yes
cpuid level	: 13
wp		: yes
flags		: fpu vme de pse tsc msr pae mce cx8 apic sep mtrr pge mca cmov pat pse36 clflush mmx fxsr sse sse2 ht syscall nx mmxext fxsr_opt pdpe1gb rdtscp lm constant_tsc rep_good nopl nonstop_tsc extd_apicid aperfmperf pni pclmulqdq monitor ssse3 cx16 sse4_1 sse4_2 movbe popcnt aes xsave avx f16c lahf_lm cmp_legacy svm extapic cr8_legacy abm sse4a misalignsse 3dnowprefetch osvw ibs skinit wdt topoext perfctr_nb bpext perfctr_l2 hw_pstate proc_feedback vmmcall bmi1 xsaveopt arat npt lbrv svm_lock nrip_save tsc_scale flushbyasid decodeassists pausefilter pfthreshold overflow_recov
bugs		: fxsave_leak sysret_ss_attrs null_seg
bogomips	: 2794.85
TLB size	: 1024 4K pages
clflush size	: 64
cache_alignment	: 64
address sizes	: 40 bits physical, 48 bits virtual
power management: ts ttp tm 100mhzsteps hwpstate proc_feedback



Memory: 4k page, physical 3474664k(90140k free), swap 0k(0k free)

vm_info: OpenJDK 64-Bit Server VM (25.112-b06) for linux-amd64 JRE (1.8.0_112-release-b06), built on Dec  6 2016 12:11:18 by "builder" with gcc 4.8.4

time: Sun Jun 18 19:03:26 2017
elapsed time: 181 seconds (0d 0h 3m 1s)

